#
# A fatal error has been detected by the Java Runtime Environment:
#
#  EXCEPTION_ACCESS_VIOLATION (0xc0000005) at pc=0x0000029c21b5301f, pid=1464, tid=7324
#
# JRE version: OpenJDK Runtime Environment (11.0.11+9) (build 11.0.11+9-b60-7590822)
# Java VM: OpenJDK 64-Bit Server VM (11.0.11+9-b60-7590822, mixed mode, tiered, compressed oops, g1 gc, windows-amd64)
# Problematic frame:
# J 11882 c1 java.util.concurrent.ConcurrentLinkedQueue.updateHead(Ljava/util/concurrent/ConcurrentLinkedQueue$Node;Ljava/util/concurrent/ConcurrentLinkedQueue$Node;)V java.base@11.0.11 (26 bytes) @ 0x0000029c21b5301f [0x0000029c21b52f00+0x000000000000011f]
#
# No core dump will be written. Minidumps are not enabled by default on client versions of Windows
#
# If you would like to submit a bug report, please visit:
#   https://bugreport.java.com/bugreport/crash.jsp
#

---------------  S U M M A R Y ------------

Command Line: --add-opens=java.base/java.util=ALL-UNNAMED --add-opens=java.base/java.lang=ALL-UNNAMED --add-opens=java.base/java.lang.invoke=ALL-UNNAMED --add-opens=java.base/java.util=ALL-UNNAMED --add-opens=java.prefs/java.util.prefs=ALL-UNNAMED --add-opens=java.prefs/java.util.prefs=ALL-UNNAMED --add-opens=java.base/java.nio.charset=ALL-UNNAMED --add-opens=java.base/java.net=ALL-UNNAMED --add-opens=java.base/java.util.concurrent.atomic=ALL-UNNAMED -Xmx2048m -Dfile.encoding=UTF-8 -Duser.country=US -Duser.language=en -Duser.variant org.gradle.launcher.daemon.bootstrap.GradleDaemon 7.2

Host: Intel(R) Core(TM) i3-9100F CPU @ 3.60GHz, 4 cores, 15G,  Windows 10 , 64 bit Build 19041 (10.0.19041.662)
Time: Tue Mar 29 11:30:02 2022 FLE Daylight Time elapsed time: 24.037182 seconds (0d 0h 0m 24s)

---------------  T H R E A D  ---------------

Current thread (0x0000029c37e91800):  JavaThread "Daemon worker" [_thread_in_Java, id=7324, stack(0x000000f935b00000,0x000000f935c00000)]

Stack: [0x000000f935b00000,0x000000f935c00000],  sp=0x000000f935bfbe50,  free space=1007k
Native frames: (J=compiled Java code, j=interpreted, Vv=VM code, C=native code)
C  0x0000029c21b5301f


siginfo: EXCEPTION_ACCESS_VIOLATION (0xc0000005), reading address 0x0000000000000038


Register to memory mapping:

RIP=0x0000029c21b5301f is at entry_point+287 in (nmethod*)0x0000029c21b52c90
RAX=0x0000000000000001 is an unknown value
RBX={method} {0x0000029c36bf1b78} 'updateHead' '(Ljava/util/concurrent/ConcurrentLinkedQueue$Node;Ljava/util/concurrent/ConcurrentLinkedQueue$Node;)V' in 'java/util/concurrent/ConcurrentLinkedQueue'
RCX=0x00000001000b4dd0 is a pointer to class: 
java.util.concurrent.ConcurrentLinkedQueue$Node {0x00000001000b4dd8}
RDX=0x0000000082ee1670 is an oop: java.util.concurrent.ConcurrentLinkedQueue 
{0x0000000082ee1670} - klass: 'java/util/concurrent/ConcurrentLinkedQueue'
RSP=0x000000f935bfbe50 is pointing into the stack for thread: 0x0000029c37e91800
RBP=0x000000f935bfbff0 is pointing into the stack for thread: 0x0000029c37e91800
RSI=0x00000000000009e0 is an unknown value
RDI=0x0 is NULL
R8 =0x0000000082ee1688 is an oop: java.util.concurrent.ConcurrentLinkedQueue$Node 
{0x0000000082ee1688} - klass: 'java/util/concurrent/ConcurrentLinkedQueue$Node'
R9 =0x000000008366e208 points into unknown readable memory: 0x0000000000000000 | 00 00 00 00 00 00 00 00
R10=0x00007ff9b38aa200 jvm.dll
R11=0x0000029c21b52f20 is at entry_point+32 in (nmethod*)0x0000029c21b52c90
R12=0x0 is NULL
R13=0x000000f935bfbf90 is pointing into the stack for thread: 0x0000029c37e91800
R14=0x000000f935bfc028 is pointing into the stack for thread: 0x0000029c37e91800
R15=0x0000029c37e91800 is a thread


Registers:
RAX=0x0000000000000001, RBX=0x0000029c36bf1b70, RCX=0x00000001000b4dd0, RDX=0x0000000082ee1670
RSP=0x000000f935bfbe50, RBP=0x000000f935bfbff0, RSI=0x00000000000009e0, RDI=0x0000000000000000
R8 =0x0000000082ee1688, R9 =0x000000008366e208, R10=0x00007ff9b38aa200, R11=0x0000029c21b52f20
R12=0x0000000000000000, R13=0x000000f935bfbf90, R14=0x000000f935bfc028, R15=0x0000029c37e91800
RIP=0x0000029c21b5301f, EFLAGS=0x0000000000010246

Top of Stack: (sp=0x000000f935bfbe50)
0x000000f935bfbe50:   0000000080b53c98 0000000000000010
0x000000f935bfbe60:   0000000080b53c98 000000f935bfbfa8
0x000000f935bfbe70:   0000029c1fc4e26a 0000029c1fc48a10
0x000000f935bfbe80:   0000000000000000 000000f935bfbff0
0x000000f935bfbe90:   000000f935bfc038 0000029c205ecd1c
0x000000f935bfbea0:   0000029c37e91800 000000f935bfc008
0x000000f935bfbeb0:   0000029c36bf1c00 000000f935bfc058
0x000000f935bfbec0:   0000029c37e91800 0000000000000c88
0x000000f935bfbed0:   000000f935bfbff0 00007ff9b31fd47d
0x000000f935bfbee0:   0000029c37e91801 0000000000000000
0x000000f935bfbef0:   000000f935bfc010 0000029c440e9689
0x000000f935bfbf00:   0000029c37e91800 000000f935bfc090
0x000000f935bfbf10:   0000029c42186290 0000000088f00230
0x000000f935bfbf20:   0000000082ee1688 0000000000000c88
0x000000f935bfbf30:   000000f935bfc058 00007ff9b31fd47d
0x000000f935bfbf40:   00000000801b7fd0 0000000000000000 

Instructions: (pc=0x0000029c21b5301f)
0x0000029c21b52f1f:   90 89 84 24 00 90 ff ff 55 48 81 ec 20 01 00 00
0x0000029c21b52f2f:   4c 89 84 24 d0 00 00 00 4c 89 8c 24 00 01 00 00
0x0000029c21b52f3f:   48 b8 c0 29 3c 3b 9c 02 00 00 8b 70 18 83 c6 08
0x0000029c21b52f4f:   89 70 18 81 e6 f8 3f 00 00 83 fe 00 0f 84 a0 05
0x0000029c21b52f5f:   00 00 4d 3b c1 0f 84 16 02 00 00 48 83 fa 00 0f
0x0000029c21b52f6f:   84 20 00 00 00 48 b9 48 49 0b 00 01 00 00 00 8b
0x0000029c21b52f7f:   7a 08 48 c1 e7 03 48 3b 4f 48 0f 85 05 00 00 00
0x0000029c21b52f8f:   e9 05 00 00 00 48 33 c0 eb 0a 48 b8 01 00 00 00
0x0000029c21b52f9f:   00 00 00 00 83 f8 00 0f 84 c5 04 00 00 49 83 f8
0x0000029c21b52faf:   00 0f 84 43 00 00 00 49 83 f8 00 0f 84 21 00 00
0x0000029c21b52fbf:   00 48 b9 d0 4d 0b 00 01 00 00 00 41 8b 78 08 48
0x0000029c21b52fcf:   c1 e7 03 48 3b 4f 38 0f 85 05 00 00 00 e9 05 00
0x0000029c21b52fdf:   00 00 48 33 c0 eb 0a 48 b8 01 00 00 00 00 00 00
0x0000029c21b52fef:   00 83 f8 00 0f 84 d8 03 00 00 49 83 f9 00 0f 84
0x0000029c21b52fff:   43 00 00 00 49 83 f9 00 0f 84 21 00 00 00 48 b9
0x0000029c21b5300f:   d0 4d 0b 00 01 00 00 00 41 8b 79 08 48 c1 e7 03
0x0000029c21b5301f:   48 3b 4f 38 0f 85 05 00 00 00 e9 05 00 00 00 48
0x0000029c21b5302f:   33 c0 eb 0a 48 b8 01 00 00 00 00 00 00 00 83 f8
0x0000029c21b5303f:   00 0f 84 f3 02 00 00 48 b8 0c 00 00 00 00 00 00
0x0000029c21b5304f:   00 48 8d 14 02 41 0f be 47 30 83 f8 00 0f 85 c0
0x0000029c21b5305f:   04 00 00 49 8b c0 4d 8b d1 f0 44 0f b1 12 be 01
0x0000029c21b5306f:   00 00 00 0f 84 05 00 00 00 be 00 00 00 00 48 8b
0x0000029c21b5307f:   fa 49 33 f9 48 c1 ef 14 48 83 ff 00 0f 85 ab 04
0x0000029c21b5308f:   00 00 83 e6 01 83 e6 01 83 fe 00 0f 84 e0 00 00
0x0000029c21b5309f:   00 49 83 f8 00 0f 84 43 00 00 00 49 83 f8 00 0f
0x0000029c21b530af:   84 21 00 00 00 48 b8 d0 4d 0b 00 01 00 00 00 41
0x0000029c21b530bf:   8b 78 08 48 c1 e7 03 48 3b 47 38 0f 85 05 00 00
0x0000029c21b530cf:   00 e9 05 00 00 00 48 33 d2 eb 0a 48 ba 01 00 00
0x0000029c21b530df:   00 00 00 00 00 83 fa 00 0f 84 b4 01 00 00 49 83
0x0000029c21b530ef:   f8 00 0f 84 32 01 00 00 49 83 f8 00 0f 84 43 00
0x0000029c21b530ff:   00 00 49 83 f8 00 0f 84 21 00 00 00 48 b8 d0 4d
0x0000029c21b5310f:   0b 00 01 00 00 00 41 8b 78 08 48 c1 e7 03 48 3b 


Stack slot to memory mapping:
stack at sp + 0 slots: 0x0000000080b53c98 is an oop: java.lang.Class 
{0x0000000080b53c98} - klass: 'java/lang/Class'
stack at sp + 1 slots: 0x0000000000000010 is an unknown value
stack at sp + 2 slots: 0x0000000080b53c98 is an oop: java.lang.Class 
{0x0000000080b53c98} - klass: 'java/lang/Class'
stack at sp + 3 slots: 0x000000f935bfbfa8 is pointing into the stack for thread: 0x0000029c37e91800
stack at sp + 4 slots: 0x0000029c1fc4e26a is at code_begin+1066 in an Interpreter codelet
method entry point (kind = zerolocals)  [0x0000029c1fc4de40, 0x0000029c1fc4e340]  1280 bytes
stack at sp + 5 slots: 0x0000029c1fc48a10 is at code_begin+-112 in 
[CodeBlob (0x0000029c1fc48a10)]
Framesize: 0
BufferBlob (0x0000029c1fc48a10) used for Interpreter
stack at sp + 6 slots: 0x0 is NULL
stack at sp + 7 slots: 0x000000f935bfbff0 is pointing into the stack for thread: 0x0000029c37e91800



---------------  P R O C E S S  ---------------

Threads class SMR info:
_java_thread_list=0x0000029c3e47eac0, length=85, elements={
0x0000029c1c118800, 0x0000029c36d37000, 0x0000029c36d40800, 0x0000029c36d56800,
0x0000029c36d59000, 0x0000029c36d5c000, 0x0000029c36da1800, 0x0000029c36da4000,
0x0000029c36dc2000, 0x0000029c36f1a000, 0x0000029c39ea1800, 0x0000029c36f25800,
0x0000029c38ecb000, 0x0000029c38946000, 0x0000029c38c20800, 0x0000029c37d0f800,
0x0000029c37e91800, 0x0000029c392f8000, 0x0000029c39703800, 0x0000029c3977f000,
0x0000029c3977f800, 0x0000029c39781800, 0x0000029c39783000, 0x0000029c39782000,
0x0000029c39783800, 0x0000029c39780800, 0x0000029c3977e000, 0x0000029c39f30000,
0x0000029c39f2a000, 0x0000029c39f2f000, 0x0000029c39f2e000, 0x0000029c39f2d800,
0x0000029c3a71b800, 0x0000029c3a71d800, 0x0000029c3a720000, 0x0000029c3a721000,
0x0000029c3a71c000, 0x0000029c3a71f800, 0x0000029c3a722000, 0x0000029c3a71e800,
0x0000029c3a722800, 0x0000029c3a71d000, 0x0000029c3a724800, 0x0000029c3a726800,
0x0000029c3a728800, 0x0000029c3a726000, 0x0000029c3a725000, 0x0000029c3a727800,
0x0000029c3a729000, 0x0000029c3a723800, 0x0000029c3a72a000, 0x0000029c3c4e5000,
0x0000029c3c4ea000, 0x0000029c3c4e6000, 0x0000029c3c4e6800, 0x0000029c3c4e7800,
0x0000029c3c4e8800, 0x0000029c3c4e4000, 0x0000029c3c4ed000, 0x0000029c3c4ea800,
0x0000029c3c4ec800, 0x0000029c3c4eb800, 0x0000029c3c4e9000, 0x0000029c3c4ee000,
0x0000029c3c4ef000, 0x0000029c3c4ef800, 0x0000029c3c4f1800, 0x0000029c3c4f0800,
0x0000029c3c4f2000, 0x0000029c3c4f3000, 0x0000029c3c593000, 0x0000029c3c597000,
0x0000029c3c597800, 0x0000029c3c592000, 0x0000029c3c598800, 0x0000029c3c599800,
0x0000029c3c593800, 0x0000029c3c59b000, 0x0000029c3c5a0800, 0x0000029c3c59f000,
0x0000029c3c5a0000, 0x0000029c37752000, 0x0000029c37750800, 0x0000029c3774f000,
0x0000029c406eb000
}

Java Threads: ( => current thread )
  0x0000029c1c118800 JavaThread "main" [_thread_blocked, id=1428, stack(0x000000f934100000,0x000000f934200000)]
  0x0000029c36d37000 JavaThread "Reference Handler" daemon [_thread_blocked, id=2960, stack(0x000000f934800000,0x000000f934900000)]
  0x0000029c36d40800 JavaThread "Finalizer" daemon [_thread_blocked, id=1088, stack(0x000000f934900000,0x000000f934a00000)]
  0x0000029c36d56800 JavaThread "Signal Dispatcher" daemon [_thread_blocked, id=5476, stack(0x000000f934a00000,0x000000f934b00000)]
  0x0000029c36d59000 JavaThread "Attach Listener" daemon [_thread_blocked, id=212, stack(0x000000f934b00000,0x000000f934c00000)]
  0x0000029c36d5c000 JavaThread "Service Thread" daemon [_thread_blocked, id=8828, stack(0x000000f934c00000,0x000000f934d00000)]
  0x0000029c36da1800 JavaThread "C2 CompilerThread0" daemon [_thread_blocked, id=5216, stack(0x000000f934d00000,0x000000f934e00000)]
  0x0000029c36da4000 JavaThread "C1 CompilerThread0" daemon [_thread_blocked, id=4112, stack(0x000000f934e00000,0x000000f934f00000)]
  0x0000029c36dc2000 JavaThread "Sweeper thread" daemon [_thread_blocked, id=5820, stack(0x000000f934f00000,0x000000f935000000)]
  0x0000029c36f1a000 JavaThread "Common-Cleaner" daemon [_thread_blocked, id=6336, stack(0x000000f935000000,0x000000f935100000)]
  0x0000029c39ea1800 JavaThread "Daemon health stats" [_thread_blocked, id=10068, stack(0x000000f935600000,0x000000f935700000)]
  0x0000029c36f25800 JavaThread "Incoming local TCP Connector on port 51249" [_thread_in_native, id=6236, stack(0x000000f935200000,0x000000f935300000)]
  0x0000029c38ecb000 JavaThread "Daemon periodic checks" [_thread_blocked, id=7600, stack(0x000000f935700000,0x000000f935800000)]
  0x0000029c38946000 JavaThread "Daemon" [_thread_blocked, id=2776, stack(0x000000f935800000,0x000000f935900000)]
  0x0000029c38c20800 JavaThread "Handler for socket connection from /127.0.0.1:51249 to /127.0.0.1:51250" [_thread_in_native, id=7736, stack(0x000000f935900000,0x000000f935a00000)]
  0x0000029c37d0f800 JavaThread "Cancel handler" [_thread_blocked, id=5468, stack(0x000000f935a00000,0x000000f935b00000)]
=>0x0000029c37e91800 JavaThread "Daemon worker" [_thread_in_Java, id=7324, stack(0x000000f935b00000,0x000000f935c00000)]
  0x0000029c392f8000 JavaThread "Asynchronous log dispatcher for DefaultDaemonConnection: socket connection from /127.0.0.1:51249 to /127.0.0.1:51250" [_thread_blocked, id=3120, stack(0x000000f935c00000,0x000000f935d00000)]
  0x0000029c39703800 JavaThread "Stdin handler" [_thread_blocked, id=4456, stack(0x000000f935d00000,0x000000f935e00000)]
  0x0000029c3977f000 JavaThread "Daemon client event forwarder" [_thread_blocked, id=9108, stack(0x000000f935e00000,0x000000f935f00000)]
  0x0000029c3977f800 JavaThread "Cache worker for journal cache (C:\Users\V\.gradle\caches\journal-1)" [_thread_blocked, id=2000, stack(0x000000f936000000,0x000000f936100000)]
  0x0000029c39781800 JavaThread "File lock request listener" [_thread_in_native, id=5168, stack(0x000000f936100000,0x000000f936200000)]
  0x0000029c39783000 JavaThread "Cache worker for file hash cache (C:\Users\V\.gradle\caches\7.2\fileHashes)" [_thread_blocked, id=3516, stack(0x000000f936200000,0x000000f936300000)]
  0x0000029c39782000 JavaThread "Cache worker for file hash cache (C:\Users\V\AndroidStudioProjects\RecyclerView\.gradle\7.2\fileHashes)" [_thread_blocked, id=4936, stack(0x000000f936300000,0x000000f936400000)]
  0x0000029c39783800 JavaThread "File watcher server" daemon [_thread_in_native, id=5784, stack(0x000000f936400000,0x000000f936500000)]
  0x0000029c39780800 JavaThread "File watcher consumer" daemon [_thread_blocked, id=5516, stack(0x000000f936500000,0x000000f936600000)]
  0x0000029c3977e000 JavaThread "Cache worker for checksums cache (C:\Users\V\AndroidStudioProjects\RecyclerView\.gradle\checksums)" [_thread_blocked, id=1016, stack(0x000000f936600000,0x000000f936700000)]
  0x0000029c39f30000 JavaThread "Cache worker for cache directory md-rule (C:\Users\V\.gradle\caches\7.2\md-rule)" [_thread_blocked, id=7052, stack(0x000000f936800000,0x000000f936900000)]
  0x0000029c39f2a000 JavaThread "Cache worker for execution history cache (C:\Users\V\.gradle\caches\7.2\executionHistory)" [_thread_blocked, id=1096, stack(0x000000f936900000,0x000000f936a00000)]
  0x0000029c39f2f000 JavaThread "jar transforms" [_thread_blocked, id=2304, stack(0x000000f936a00000,0x000000f936b00000)]
  0x0000029c39f2e000 JavaThread "Cache worker for file content cache (C:\Users\V\.gradle\caches\7.2\fileContent)" [_thread_blocked, id=5112, stack(0x000000f936b00000,0x000000f936c00000)]
  0x0000029c39f2d800 JavaThread "jar transforms Thread 2" [_thread_blocked, id=6268, stack(0x000000f936c00000,0x000000f936d00000)]
  0x0000029c3a71b800 JavaThread "Cache worker for dependencies-accessors (C:\Users\V\AndroidStudioProjects\RecyclerView\.gradle\7.2\dependencies-accessors)" [_thread_blocked, id=6612, stack(0x000000f936d00000,0x000000f936e00000)]
  0x0000029c3a71d800 JavaThread "jar transforms Thread 3" [_thread_blocked, id=8696, stack(0x000000f936e00000,0x000000f936f00000)]
  0x0000029c3a720000 JavaThread "Cache worker for Build Output Cleanup Cache (C:\Users\V\AndroidStudioProjects\RecyclerView\.gradle\buildOutputCleanup)" [_thread_blocked, id=10284, stack(0x000000f936f00000,0x000000f937000000)]
  0x0000029c3a721000 JavaThread "Unconstrained build operations" [_thread_blocked, id=9720, stack(0x000000f937000000,0x000000f937100000)]
  0x0000029c3a71c000 JavaThread "Unconstrained build operations Thread 2" [_thread_blocked, id=6572, stack(0x000000f937100000,0x000000f937200000)]
  0x0000029c3a71f800 JavaThread "Unconstrained build operations Thread 3" [_thread_blocked, id=5196, stack(0x000000f937200000,0x000000f937300000)]
  0x0000029c3a722000 JavaThread "Unconstrained build operations Thread 4" [_thread_blocked, id=10568, stack(0x000000f937300000,0x000000f937400000)]
  0x0000029c3a71e800 JavaThread "Unconstrained build operations Thread 5" [_thread_blocked, id=3568, stack(0x000000f937400000,0x000000f937500000)]
  0x0000029c3a722800 JavaThread "Unconstrained build operations Thread 6" [_thread_blocked, id=5228, stack(0x000000f937500000,0x000000f937600000)]
  0x0000029c3a71d000 JavaThread "Unconstrained build operations Thread 7" [_thread_blocked, id=7380, stack(0x000000f937600000,0x000000f937700000)]
  0x0000029c3a724800 JavaThread "Unconstrained build operations Thread 8" [_thread_blocked, id=6228, stack(0x000000f937700000,0x000000f937800000)]
  0x0000029c3a726800 JavaThread "Unconstrained build operations Thread 9" [_thread_blocked, id=1176, stack(0x000000f937800000,0x000000f937900000)]
  0x0000029c3a728800 JavaThread "Unconstrained build operations Thread 10" [_thread_blocked, id=8968, stack(0x000000f937900000,0x000000f937a00000)]
  0x0000029c3a726000 JavaThread "Unconstrained build operations Thread 11" [_thread_blocked, id=4888, stack(0x000000f937a00000,0x000000f937b00000)]
  0x0000029c3a725000 JavaThread "Unconstrained build operations Thread 12" [_thread_blocked, id=11072, stack(0x000000f937b00000,0x000000f937c00000)]
  0x0000029c3a727800 JavaThread "Unconstrained build operations Thread 13" [_thread_blocked, id=10168, stack(0x000000f937c00000,0x000000f937d00000)]
  0x0000029c3a729000 JavaThread "Unconstrained build operations Thread 14" [_thread_blocked, id=9496, stack(0x000000f937d00000,0x000000f937e00000)]
  0x0000029c3a723800 JavaThread "Unconstrained build operations Thread 15" [_thread_blocked, id=9032, stack(0x000000f937e00000,0x000000f937f00000)]
  0x0000029c3a72a000 JavaThread "Unconstrained build operations Thread 16" [_thread_blocked, id=1336, stack(0x000000f937f00000,0x000000f938000000)]
  0x0000029c3c4e5000 JavaThread "Unconstrained build operations Thread 17" [_thread_blocked, id=5140, stack(0x000000f938000000,0x000000f938100000)]
  0x0000029c3c4ea000 JavaThread "Unconstrained build operations Thread 18" [_thread_blocked, id=10232, stack(0x000000f938100000,0x000000f938200000)]
  0x0000029c3c4e6000 JavaThread "Unconstrained build operations Thread 19" [_thread_blocked, id=3076, stack(0x000000f938200000,0x000000f938300000)]
  0x0000029c3c4e6800 JavaThread "Unconstrained build operations Thread 20" [_thread_blocked, id=9752, stack(0x000000f938300000,0x000000f938400000)]
  0x0000029c3c4e7800 JavaThread "Unconstrained build operations Thread 21" [_thread_blocked, id=5688, stack(0x000000f938400000,0x000000f938500000)]
  0x0000029c3c4e8800 JavaThread "Unconstrained build operations Thread 22" [_thread_blocked, id=4500, stack(0x000000f938500000,0x000000f938600000)]
  0x0000029c3c4e4000 JavaThread "Unconstrained build operations Thread 23" [_thread_blocked, id=11336, stack(0x000000f938600000,0x000000f938700000)]
  0x0000029c3c4ed000 JavaThread "Unconstrained build operations Thread 24" [_thread_blocked, id=1208, stack(0x000000f938700000,0x000000f938800000)]
  0x0000029c3c4ea800 JavaThread "Unconstrained build operations Thread 25" [_thread_blocked, id=1580, stack(0x000000f938800000,0x000000f938900000)]
  0x0000029c3c4ec800 JavaThread "Unconstrained build operations Thread 26" [_thread_blocked, id=1220, stack(0x000000f938900000,0x000000f938a00000)]
  0x0000029c3c4eb800 JavaThread "Unconstrained build operations Thread 27" [_thread_blocked, id=6952, stack(0x000000f938a00000,0x000000f938b00000)]
  0x0000029c3c4e9000 JavaThread "Unconstrained build operations Thread 28" [_thread_blocked, id=5900, stack(0x000000f938b00000,0x000000f938c00000)]
  0x0000029c3c4ee000 JavaThread "Unconstrained build operations Thread 29" [_thread_blocked, id=2916, stack(0x000000f938c00000,0x000000f938d00000)]
  0x0000029c3c4ef000 JavaThread "Unconstrained build operations Thread 30" [_thread_blocked, id=5044, stack(0x000000f938d00000,0x000000f938e00000)]
  0x0000029c3c4ef800 JavaThread "Unconstrained build operations Thread 31" [_thread_blocked, id=5056, stack(0x000000f938e00000,0x000000f938f00000)]
  0x0000029c3c4f1800 JavaThread "Unconstrained build operations Thread 32" [_thread_blocked, id=11476, stack(0x000000f938f00000,0x000000f939000000)]
  0x0000029c3c4f0800 JavaThread "Unconstrained build operations Thread 33" [_thread_blocked, id=8712, stack(0x000000f939000000,0x000000f939100000)]
  0x0000029c3c4f2000 JavaThread "Unconstrained build operations Thread 34" [_thread_blocked, id=2492, stack(0x000000f939100000,0x000000f939200000)]
  0x0000029c3c4f3000 JavaThread "Unconstrained build operations Thread 35" [_thread_blocked, id=11984, stack(0x000000f939200000,0x000000f939300000)]
  0x0000029c3c593000 JavaThread "Unconstrained build operations Thread 36" [_thread_blocked, id=9592, stack(0x000000f939300000,0x000000f939400000)]
  0x0000029c3c597000 JavaThread "Unconstrained build operations Thread 37" [_thread_blocked, id=5928, stack(0x000000f939400000,0x000000f939500000)]
  0x0000029c3c597800 JavaThread "Unconstrained build operations Thread 38" [_thread_blocked, id=11108, stack(0x000000f939500000,0x000000f939600000)]
  0x0000029c3c592000 JavaThread "Unconstrained build operations Thread 39" [_thread_blocked, id=4152, stack(0x000000f939600000,0x000000f939700000)]
  0x0000029c3c598800 JavaThread "Unconstrained build operations Thread 40" [_thread_blocked, id=8884, stack(0x000000f939700000,0x000000f939800000)]
  0x0000029c3c599800 JavaThread "jar transforms Thread 4" [_thread_blocked, id=7016, stack(0x000000f939800000,0x000000f939900000)]
  0x0000029c3c593800 JavaThread "Memory manager" [_thread_blocked, id=12412, stack(0x000000f939900000,0x000000f939a00000)]
  0x0000029c3c59b000 JavaThread "pool-3-thread-1" [_thread_blocked, id=12472, stack(0x000000f939c00000,0x000000f939d00000)]
  0x0000029c3c5a0800 JavaThread "Cache worker for execution history cache (C:\Users\V\AndroidStudioProjects\RecyclerView\.gradle\7.2\executionHistory)" [_thread_blocked, id=12492, stack(0x000000f935f00000,0x000000f936000000)]
  0x0000029c3c59f000 JavaThread "RMI Scheduler(0)" daemon [_thread_blocked, id=12732, stack(0x000000f93a100000,0x000000f93a200000)]
  0x0000029c3c5a0000 JavaThread "RMI GC Daemon" daemon [_thread_blocked, id=12744, stack(0x000000f93a300000,0x000000f93a400000)]
  0x0000029c37752000 JavaThread "RMI TCP Accept-0" daemon [_thread_in_native, id=12752, stack(0x000000f93a400000,0x000000f93a500000)]
  0x0000029c37750800 JavaThread "RMI Reaper" [_thread_blocked, id=12756, stack(0x000000f93a500000,0x000000f93a600000)]
  0x0000029c3774f000 JavaThread "RMI TCP Connection(1)-127.0.0.1" daemon [_thread_in_native, id=12764, stack(0x000000f93a600000,0x000000f93a700000)]
  0x0000029c406eb000 JavaThread "C2 CompilerThread1" daemon [_thread_in_native, id=12856, stack(0x000000f93a700000,0x000000f93a800000)]

Other Threads:
  0x0000029c36d33800 VMThread "VM Thread" [stack: 0x000000f934700000,0x000000f934800000] [id=7948]
  0x0000029c36f37000 WatcherThread [stack: 0x000000f935100000,0x000000f935200000] [id=7048]
  0x0000029c1c132800 GCTaskThread "GC Thread#0" [stack: 0x000000f934200000,0x000000f934300000] [id=11656]
  0x0000029c37ade800 GCTaskThread "GC Thread#1" [stack: 0x000000f935300000,0x000000f935400000] [id=2724]
  0x0000029c37857000 GCTaskThread "GC Thread#2" [stack: 0x000000f935400000,0x000000f935500000] [id=8996]
  0x0000029c37857800 GCTaskThread "GC Thread#3" [stack: 0x000000f935500000,0x000000f935600000] [id=6436]
  0x0000029c1c164000 ConcurrentGCThread "G1 Main Marker" [stack: 0x000000f934300000,0x000000f934400000] [id=7956]
  0x0000029c1c167800 ConcurrentGCThread "G1 Conc#0" [stack: 0x000000f934400000,0x000000f934500000] [id=1812]
  0x0000029c1c1fd800 ConcurrentGCThread "G1 Refine#0" [stack: 0x000000f934500000,0x000000f934600000] [id=9620]
  0x0000029c36374800 ConcurrentGCThread "G1 Young RemSet Sampling" [stack: 0x000000f934600000,0x000000f934700000] [id=1748]

Threads with active compile tasks:
C2 CompilerThread1  24071 11735       4       java.lang.reflect.AccessibleObject::checkCanSetAccessible (386 bytes)

VM state:not at safepoint (normal execution)

VM Mutex/Monitor currently owned by a thread: None

Heap address: 0x0000000080000000, size: 2048 MB, Compressed Oops mode: 32-bit
Narrow klass base: 0x0000000000000000, Narrow klass shift: 3
Compressed class space size: 1073741824 Address: 0x0000000100000000

Heap:
 garbage-first heap   total 262144K, used 102421K [0x0000000080000000, 0x0000000100000000)
  region size 1024K, 27 young (27648K), 13 survivors (13312K)
 Metaspace       used 101214K, capacity 103547K, committed 103756K, reserved 1138688K
  class space    used 12812K, capacity 13688K, committed 13696K, reserved 1048576K
Heap Regions: E=young(eden), S=young(survivor), O=old, HS=humongous(starts), HC=humongous(continues), CS=collection set, F=free, A=archive, TAMS=top-at-mark-start (previous, next)
|   0|0x0000000080000000, 0x0000000080100000, 0x0000000080100000|100%| O|  |TAMS 0x0000000080100000, 0x0000000080000000| Untracked 
|   1|0x0000000080100000, 0x0000000080200000, 0x0000000080200000|100%| O|  |TAMS 0x0000000080200000, 0x0000000080100000| Untracked 
|   2|0x0000000080200000, 0x0000000080300000, 0x0000000080300000|100%| O|  |TAMS 0x0000000080300000, 0x0000000080200000| Untracked 
|   3|0x0000000080300000, 0x0000000080400000, 0x0000000080400000|100%|HS|  |TAMS 0x0000000080400000, 0x0000000080300000| Complete 
|   4|0x0000000080400000, 0x0000000080500000, 0x0000000080500000|100%|HC|  |TAMS 0x0000000080500000, 0x0000000080400000| Complete 
|   5|0x0000000080500000, 0x0000000080600000, 0x0000000080600000|100%|HC|  |TAMS 0x0000000080600000, 0x0000000080500000| Complete 
|   6|0x0000000080600000, 0x0000000080700000, 0x0000000080700000|100%| O|  |TAMS 0x0000000080700000, 0x0000000080600000| Untracked 
|   7|0x0000000080700000, 0x0000000080800000, 0x0000000080800000|100%| O|  |TAMS 0x0000000080800000, 0x0000000080700000| Untracked 
|   8|0x0000000080800000, 0x0000000080900000, 0x0000000080900000|100%| O|  |TAMS 0x0000000080900000, 0x0000000080800000| Untracked 
|   9|0x0000000080900000, 0x0000000080a00000, 0x0000000080a00000|100%| O|  |TAMS 0x0000000080a00000, 0x0000000080900000| Untracked 
|  10|0x0000000080a00000, 0x0000000080b00000, 0x0000000080b00000|100%| O|  |TAMS 0x0000000080b00000, 0x0000000080a00000| Untracked 
|  11|0x0000000080b00000, 0x0000000080c00000, 0x0000000080c00000|100%| O|  |TAMS 0x0000000080c00000, 0x0000000080b00000| Untracked 
|  12|0x0000000080c00000, 0x0000000080d00000, 0x0000000080d00000|100%| O|  |TAMS 0x0000000080d00000, 0x0000000080c00000| Untracked 
|  13|0x0000000080d00000, 0x0000000080e00000, 0x0000000080e00000|100%| O|  |TAMS 0x0000000080e00000, 0x0000000080d00000| Untracked 
|  14|0x0000000080e00000, 0x0000000080f00000, 0x0000000080f00000|100%| O|  |TAMS 0x0000000080f00000, 0x0000000080e00000| Untracked 
|  15|0x0000000080f00000, 0x0000000081000000, 0x0000000081000000|100%| O|  |TAMS 0x0000000081000000, 0x0000000080f00000| Untracked 
|  16|0x0000000081000000, 0x0000000081100000, 0x0000000081100000|100%| O|  |TAMS 0x0000000081100000, 0x0000000081000000| Untracked 
|  17|0x0000000081100000, 0x0000000081200000, 0x0000000081200000|100%|HS|  |TAMS 0x0000000081200000, 0x0000000081100000| Complete 
|  18|0x0000000081200000, 0x0000000081300000, 0x0000000081300000|100%|HS|  |TAMS 0x0000000081300000, 0x0000000081200000| Complete 
|  19|0x0000000081300000, 0x0000000081400000, 0x0000000081400000|100%|HS|  |TAMS 0x0000000081400000, 0x0000000081300000| Complete 
|  20|0x0000000081400000, 0x0000000081500000, 0x0000000081500000|100%|HS|  |TAMS 0x0000000081500000, 0x0000000081400000| Complete 
|  21|0x0000000081500000, 0x0000000081600000, 0x0000000081600000|100%|HS|  |TAMS 0x0000000081600000, 0x0000000081500000| Complete 
|  22|0x0000000081600000, 0x0000000081700000, 0x0000000081700000|100%|HC|  |TAMS 0x0000000081700000, 0x0000000081600000| Complete 
|  23|0x0000000081700000, 0x0000000081800000, 0x0000000081800000|100%|HC|  |TAMS 0x0000000081800000, 0x0000000081700000| Complete 
|  24|0x0000000081800000, 0x0000000081900000, 0x0000000081900000|100%|HS|  |TAMS 0x0000000081900000, 0x0000000081800000| Complete 
|  25|0x0000000081900000, 0x0000000081a00000, 0x0000000081a00000|100%|HC|  |TAMS 0x0000000081a00000, 0x0000000081900000| Complete 
|  26|0x0000000081a00000, 0x0000000081b00000, 0x0000000081b00000|100%| O|  |TAMS 0x0000000081b00000, 0x0000000081a00000| Untracked 
|  27|0x0000000081b00000, 0x0000000081c00000, 0x0000000081c00000|100%| O|  |TAMS 0x0000000081c00000, 0x0000000081b00000| Untracked 
|  28|0x0000000081c00000, 0x0000000081d00000, 0x0000000081d00000|100%| O|  |TAMS 0x0000000081d00000, 0x0000000081c00000| Untracked 
|  29|0x0000000081d00000, 0x0000000081e00000, 0x0000000081e00000|100%| O|  |TAMS 0x0000000081e00000, 0x0000000081d00000| Untracked 
|  30|0x0000000081e00000, 0x0000000081f00000, 0x0000000081f00000|100%| O|  |TAMS 0x0000000081f00000, 0x0000000081e00000| Untracked 
|  31|0x0000000081f00000, 0x0000000082000000, 0x0000000082000000|100%| O|  |TAMS 0x0000000082000000, 0x0000000081f00000| Untracked 
|  32|0x0000000082000000, 0x0000000082100000, 0x0000000082100000|100%| O|  |TAMS 0x0000000082100000, 0x0000000082000000| Untracked 
|  33|0x0000000082100000, 0x0000000082200000, 0x0000000082200000|100%| O|  |TAMS 0x0000000082200000, 0x0000000082100000| Untracked 
|  34|0x0000000082200000, 0x0000000082300000, 0x0000000082300000|100%| O|  |TAMS 0x0000000082300000, 0x0000000082200000| Untracked 
|  35|0x0000000082300000, 0x0000000082400000, 0x0000000082400000|100%| O|  |TAMS 0x0000000082400000, 0x0000000082300000| Untracked 
|  36|0x0000000082400000, 0x0000000082500000, 0x0000000082500000|100%| O|  |TAMS 0x0000000082500000, 0x0000000082400000| Untracked 
|  37|0x0000000082500000, 0x0000000082600000, 0x0000000082600000|100%| O|  |TAMS 0x0000000082600000, 0x0000000082500000| Untracked 
|  38|0x0000000082600000, 0x0000000082700000, 0x0000000082700000|100%| O|  |TAMS 0x0000000082700000, 0x0000000082600000| Untracked 
|  39|0x0000000082700000, 0x0000000082800000, 0x0000000082800000|100%| O|  |TAMS 0x0000000082800000, 0x0000000082700000| Untracked 
|  40|0x0000000082800000, 0x0000000082900000, 0x0000000082900000|100%| O|  |TAMS 0x0000000082900000, 0x0000000082800000| Untracked 
|  41|0x0000000082900000, 0x0000000082a00000, 0x0000000082a00000|100%| O|  |TAMS 0x0000000082a00000, 0x0000000082900000| Untracked 
|  42|0x0000000082a00000, 0x0000000082b00000, 0x0000000082b00000|100%| O|  |TAMS 0x0000000082b00000, 0x0000000082a00000| Untracked 
|  43|0x0000000082b00000, 0x0000000082c00000, 0x0000000082c00000|100%| O|  |TAMS 0x0000000082c00000, 0x0000000082b00000| Untracked 
|  44|0x0000000082c00000, 0x0000000082d00000, 0x0000000082d00000|100%| O|  |TAMS 0x0000000082d00000, 0x0000000082c00000| Untracked 
|  45|0x0000000082d00000, 0x0000000082e00000, 0x0000000082e00000|100%| O|  |TAMS 0x0000000082e00000, 0x0000000082d00000| Untracked 
|  46|0x0000000082e00000, 0x0000000082f00000, 0x0000000082f00000|100%| O|  |TAMS 0x0000000082f00000, 0x0000000082e00000| Untracked 
|  47|0x0000000082f00000, 0x0000000083000000, 0x0000000083000000|100%| O|  |TAMS 0x0000000082fce200, 0x0000000082f00000| Untracked 
|  48|0x0000000083000000, 0x0000000083100000, 0x0000000083100000|100%| O|  |TAMS 0x0000000083000000, 0x0000000083000000| Untracked 
|  49|0x0000000083100000, 0x0000000083200000, 0x0000000083200000|100%| O|  |TAMS 0x0000000083100000, 0x0000000083100000| Untracked 
|  50|0x0000000083200000, 0x0000000083300000, 0x0000000083300000|100%| O|  |TAMS 0x0000000083200000, 0x0000000083200000| Untracked 
|  51|0x0000000083300000, 0x0000000083400000, 0x0000000083400000|100%| O|  |TAMS 0x0000000083300000, 0x0000000083300000| Untracked 
|  52|0x0000000083400000, 0x0000000083500000, 0x0000000083500000|100%| O|  |TAMS 0x0000000083400000, 0x0000000083400000| Untracked 
|  53|0x0000000083500000, 0x0000000083600000, 0x0000000083600000|100%| O|  |TAMS 0x0000000083500000, 0x0000000083500000| Untracked 
|  54|0x0000000083600000, 0x0000000083700000, 0x0000000083700000|100%| O|  |TAMS 0x0000000083600000, 0x0000000083600000| Untracked 
|  55|0x0000000083700000, 0x0000000083800000, 0x0000000083800000|100%| O|  |TAMS 0x0000000083700000, 0x0000000083700000| Untracked 
|  56|0x0000000083800000, 0x0000000083900000, 0x0000000083900000|100%| O|  |TAMS 0x0000000083800000, 0x0000000083800000| Untracked 
|  57|0x0000000083900000, 0x0000000083a00000, 0x0000000083a00000|100%| O|  |TAMS 0x0000000083900000, 0x0000000083900000| Untracked 
|  58|0x0000000083a00000, 0x0000000083b00000, 0x0000000083b00000|100%| O|  |TAMS 0x0000000083a00000, 0x0000000083a00000| Untracked 
|  59|0x0000000083b00000, 0x0000000083c00000, 0x0000000083c00000|100%| O|  |TAMS 0x0000000083b00000, 0x0000000083b00000| Untracked 
|  60|0x0000000083c00000, 0x0000000083d00000, 0x0000000083d00000|100%| O|  |TAMS 0x0000000083c00000, 0x0000000083c00000| Untracked 
|  61|0x0000000083d00000, 0x0000000083e00000, 0x0000000083e00000|100%| O|  |TAMS 0x0000000083d00000, 0x0000000083d00000| Untracked 
|  62|0x0000000083e00000, 0x0000000083f00000, 0x0000000083f00000|100%| O|  |TAMS 0x0000000083e00000, 0x0000000083e00000| Untracked 
|  63|0x0000000083f00000, 0x0000000084000000, 0x0000000084000000|100%| O|  |TAMS 0x0000000083f00000, 0x0000000083f00000| Untracked 
|  64|0x0000000084000000, 0x0000000084100000, 0x0000000084100000|100%| O|  |TAMS 0x0000000084000000, 0x0000000084000000| Untracked 
|  65|0x0000000084100000, 0x0000000084200000, 0x0000000084200000|100%| O|  |TAMS 0x0000000084100000, 0x0000000084100000| Untracked 
|  66|0x0000000084200000, 0x0000000084300000, 0x0000000084300000|100%| O|  |TAMS 0x0000000084200000, 0x0000000084200000| Untracked 
|  67|0x0000000084300000, 0x0000000084400000, 0x0000000084400000|100%| O|  |TAMS 0x0000000084300000, 0x0000000084300000| Untracked 
|  68|0x0000000084400000, 0x0000000084500000, 0x0000000084500000|100%| O|  |TAMS 0x0000000084400000, 0x0000000084400000| Untracked 
|  69|0x0000000084500000, 0x0000000084600000, 0x0000000084600000|100%| O|  |TAMS 0x0000000084500000, 0x0000000084500000| Untracked 
|  70|0x0000000084600000, 0x0000000084700000, 0x0000000084700000|100%| O|  |TAMS 0x0000000084600000, 0x0000000084600000| Untracked 
|  71|0x0000000084700000, 0x0000000084800000, 0x0000000084800000|100%| O|  |TAMS 0x0000000084700000, 0x0000000084700000| Untracked 
|  72|0x0000000084800000, 0x0000000084900000, 0x0000000084900000|100%| O|  |TAMS 0x0000000084800000, 0x0000000084800000| Untracked 
|  73|0x0000000084900000, 0x0000000084a00000, 0x0000000084a00000|100%| O|  |TAMS 0x0000000084900000, 0x0000000084900000| Untracked 
|  74|0x0000000084a00000, 0x0000000084a9e800, 0x0000000084b00000| 61%| O|  |TAMS 0x0000000084a00000, 0x0000000084a00000| Untracked 
|  75|0x0000000084b00000, 0x0000000084b00000, 0x0000000084c00000|  0%| F|  |TAMS 0x0000000084b00000, 0x0000000084b00000| Untracked 
|  76|0x0000000084c00000, 0x0000000084c00000, 0x0000000084d00000|  0%| F|  |TAMS 0x0000000084c00000, 0x0000000084c00000| Untracked 
|  77|0x0000000084d00000, 0x0000000084d00000, 0x0000000084e00000|  0%| F|  |TAMS 0x0000000084d00000, 0x0000000084d00000| Untracked 
|  78|0x0000000084e00000, 0x0000000084e00000, 0x0000000084f00000|  0%| F|  |TAMS 0x0000000084e00000, 0x0000000084e00000| Untracked 
|  79|0x0000000084f00000, 0x0000000084f00000, 0x0000000085000000|  0%| F|  |TAMS 0x0000000084f00000, 0x0000000084f00000| Untracked 
|  80|0x0000000085000000, 0x0000000085000000, 0x0000000085100000|  0%| F|  |TAMS 0x0000000085000000, 0x0000000085000000| Untracked 
|  81|0x0000000085100000, 0x0000000085100000, 0x0000000085200000|  0%| F|  |TAMS 0x0000000085100000, 0x0000000085100000| Untracked 
|  82|0x0000000085200000, 0x0000000085200000, 0x0000000085300000|  0%| F|  |TAMS 0x0000000085200000, 0x0000000085200000| Untracked 
|  83|0x0000000085300000, 0x0000000085300000, 0x0000000085400000|  0%| F|  |TAMS 0x0000000085300000, 0x0000000085300000| Untracked 
|  84|0x0000000085400000, 0x0000000085400000, 0x0000000085500000|  0%| F|  |TAMS 0x0000000085400000, 0x0000000085400000| Untracked 
|  85|0x0000000085500000, 0x0000000085500000, 0x0000000085600000|  0%| F|  |TAMS 0x0000000085500000, 0x0000000085500000| Untracked 
|  86|0x0000000085600000, 0x0000000085600000, 0x0000000085700000|  0%| F|  |TAMS 0x0000000085600000, 0x0000000085600000| Untracked 
|  87|0x0000000085700000, 0x0000000085700000, 0x0000000085800000|  0%| F|  |TAMS 0x0000000085700000, 0x0000000085700000| Untracked 
|  88|0x0000000085800000, 0x0000000085800000, 0x0000000085900000|  0%| F|  |TAMS 0x0000000085800000, 0x0000000085800000| Untracked 
|  89|0x0000000085900000, 0x0000000085900000, 0x0000000085a00000|  0%| F|  |TAMS 0x0000000085900000, 0x0000000085900000| Untracked 
|  90|0x0000000085a00000, 0x0000000085a00000, 0x0000000085b00000|  0%| F|  |TAMS 0x0000000085a00000, 0x0000000085a00000| Untracked 
|  91|0x0000000085b00000, 0x0000000085b00000, 0x0000000085c00000|  0%| F|  |TAMS 0x0000000085b00000, 0x0000000085b00000| Untracked 
|  92|0x0000000085c00000, 0x0000000085c00000, 0x0000000085d00000|  0%| F|  |TAMS 0x0000000085c00000, 0x0000000085c00000| Untracked 
|  93|0x0000000085d00000, 0x0000000085d00000, 0x0000000085e00000|  0%| F|  |TAMS 0x0000000085d00000, 0x0000000085d00000| Untracked 
|  94|0x0000000085e00000, 0x0000000085e00000, 0x0000000085f00000|  0%| F|  |TAMS 0x0000000085e00000, 0x0000000085e00000| Untracked 
|  95|0x0000000085f00000, 0x0000000085f00000, 0x0000000086000000|  0%| F|  |TAMS 0x0000000085f00000, 0x0000000085f00000| Untracked 
|  96|0x0000000086000000, 0x0000000086000000, 0x0000000086100000|  0%| F|  |TAMS 0x0000000086000000, 0x0000000086000000| Untracked 
|  97|0x0000000086100000, 0x0000000086100000, 0x0000000086200000|  0%| F|  |TAMS 0x0000000086100000, 0x0000000086100000| Untracked 
|  98|0x0000000086200000, 0x0000000086200000, 0x0000000086300000|  0%| F|  |TAMS 0x0000000086200000, 0x0000000086200000| Untracked 
|  99|0x0000000086300000, 0x0000000086300000, 0x0000000086400000|  0%| F|  |TAMS 0x0000000086300000, 0x0000000086300000| Untracked 
| 100|0x0000000086400000, 0x0000000086400000, 0x0000000086500000|  0%| F|  |TAMS 0x0000000086400000, 0x0000000086400000| Untracked 
| 101|0x0000000086500000, 0x0000000086500000, 0x0000000086600000|  0%| F|  |TAMS 0x0000000086500000, 0x0000000086500000| Untracked 
| 102|0x0000000086600000, 0x0000000086600000, 0x0000000086700000|  0%| F|  |TAMS 0x0000000086600000, 0x0000000086600000| Untracked 
| 103|0x0000000086700000, 0x0000000086700000, 0x0000000086800000|  0%| F|  |TAMS 0x0000000086700000, 0x0000000086700000| Untracked 
| 104|0x0000000086800000, 0x0000000086800000, 0x0000000086900000|  0%| F|  |TAMS 0x0000000086800000, 0x0000000086800000| Untracked 
| 105|0x0000000086900000, 0x0000000086900000, 0x0000000086a00000|  0%| F|  |TAMS 0x0000000086900000, 0x0000000086900000| Untracked 
| 106|0x0000000086a00000, 0x0000000086a00000, 0x0000000086b00000|  0%| F|  |TAMS 0x0000000086a00000, 0x0000000086a00000| Untracked 
| 107|0x0000000086b00000, 0x0000000086b00000, 0x0000000086c00000|  0%| F|  |TAMS 0x0000000086b00000, 0x0000000086b00000| Untracked 
| 108|0x0000000086c00000, 0x0000000086c00000, 0x0000000086d00000|  0%| F|  |TAMS 0x0000000086c00000, 0x0000000086c00000| Untracked 
| 109|0x0000000086d00000, 0x0000000086d00000, 0x0000000086e00000|  0%| F|  |TAMS 0x0000000086d00000, 0x0000000086d00000| Untracked 
| 110|0x0000000086e00000, 0x0000000086e00000, 0x0000000086f00000|  0%| F|  |TAMS 0x0000000086e00000, 0x0000000086e00000| Untracked 
| 111|0x0000000086f00000, 0x0000000086f00000, 0x0000000087000000|  0%| F|  |TAMS 0x0000000086f00000, 0x0000000086f00000| Untracked 
| 112|0x0000000087000000, 0x0000000087000000, 0x0000000087100000|  0%| F|  |TAMS 0x0000000087000000, 0x0000000087000000| Untracked 
| 113|0x0000000087100000, 0x0000000087100000, 0x0000000087200000|  0%| F|  |TAMS 0x0000000087100000, 0x0000000087100000| Untracked 
| 114|0x0000000087200000, 0x0000000087200000, 0x0000000087300000|  0%| F|  |TAMS 0x0000000087200000, 0x0000000087200000| Untracked 
| 115|0x0000000087300000, 0x0000000087300000, 0x0000000087400000|  0%| F|  |TAMS 0x0000000087300000, 0x0000000087300000| Untracked 
| 116|0x0000000087400000, 0x0000000087400000, 0x0000000087500000|  0%| F|  |TAMS 0x0000000087400000, 0x0000000087400000| Untracked 
| 117|0x0000000087500000, 0x0000000087500000, 0x0000000087600000|  0%| F|  |TAMS 0x0000000087500000, 0x0000000087500000| Untracked 
| 118|0x0000000087600000, 0x0000000087600000, 0x0000000087700000|  0%| F|  |TAMS 0x0000000087600000, 0x0000000087600000| Untracked 
| 119|0x0000000087700000, 0x0000000087700000, 0x0000000087800000|  0%| F|  |TAMS 0x0000000087700000, 0x0000000087700000| Untracked 
| 120|0x0000000087800000, 0x0000000087800000, 0x0000000087900000|  0%| F|  |TAMS 0x0000000087800000, 0x0000000087800000| Untracked 
| 121|0x0000000087900000, 0x0000000087900000, 0x0000000087a00000|  0%| F|  |TAMS 0x0000000087900000, 0x0000000087900000| Untracked 
| 122|0x0000000087a00000, 0x0000000087a00000, 0x0000000087b00000|  0%| F|  |TAMS 0x0000000087a00000, 0x0000000087a00000| Untracked 
| 123|0x0000000087b00000, 0x0000000087b00000, 0x0000000087c00000|  0%| F|  |TAMS 0x0000000087b00000, 0x0000000087b00000| Untracked 
| 124|0x0000000087c00000, 0x0000000087c00000, 0x0000000087d00000|  0%| F|  |TAMS 0x0000000087c00000, 0x0000000087c00000| Untracked 
| 125|0x0000000087d00000, 0x0000000087d00000, 0x0000000087e00000|  0%| F|  |TAMS 0x0000000087d00000, 0x0000000087d00000| Untracked 
| 126|0x0000000087e00000, 0x0000000087e00000, 0x0000000087f00000|  0%| F|  |TAMS 0x0000000087e00000, 0x0000000087e00000| Untracked 
| 127|0x0000000087f00000, 0x0000000087f00000, 0x0000000088000000|  0%| F|  |TAMS 0x0000000087f00000, 0x0000000087f00000| Untracked 
| 128|0x0000000088000000, 0x0000000088066e00, 0x0000000088100000| 40%| S|CS|TAMS 0x0000000088000000, 0x0000000088000000| Complete 
| 129|0x0000000088100000, 0x0000000088200000, 0x0000000088200000|100%| S|CS|TAMS 0x0000000088100000, 0x0000000088100000| Complete 
| 130|0x0000000088200000, 0x0000000088300000, 0x0000000088300000|100%| S|CS|TAMS 0x0000000088200000, 0x0000000088200000| Complete 
| 131|0x0000000088300000, 0x0000000088400000, 0x0000000088400000|100%| S|CS|TAMS 0x0000000088300000, 0x0000000088300000| Complete 
| 132|0x0000000088400000, 0x0000000088500000, 0x0000000088500000|100%| S|CS|TAMS 0x0000000088400000, 0x0000000088400000| Complete 
| 133|0x0000000088500000, 0x0000000088600000, 0x0000000088600000|100%| S|CS|TAMS 0x0000000088500000, 0x0000000088500000| Complete 
| 134|0x0000000088600000, 0x0000000088700000, 0x0000000088700000|100%| S|CS|TAMS 0x0000000088600000, 0x0000000088600000| Complete 
| 135|0x0000000088700000, 0x0000000088800000, 0x0000000088800000|100%| S|CS|TAMS 0x0000000088700000, 0x0000000088700000| Complete 
| 136|0x0000000088800000, 0x0000000088900000, 0x0000000088900000|100%| S|CS|TAMS 0x0000000088800000, 0x0000000088800000| Complete 
| 137|0x0000000088900000, 0x0000000088a00000, 0x0000000088a00000|100%| S|CS|TAMS 0x0000000088900000, 0x0000000088900000| Complete 
| 138|0x0000000088a00000, 0x0000000088b00000, 0x0000000088b00000|100%| S|CS|TAMS 0x0000000088a00000, 0x0000000088a00000| Complete 
| 139|0x0000000088b00000, 0x0000000088b00000, 0x0000000088c00000|  0%| F|  |TAMS 0x0000000088b00000, 0x0000000088b00000| Untracked 
| 140|0x0000000088c00000, 0x0000000088c00000, 0x0000000088d00000|  0%| F|  |TAMS 0x0000000088c00000, 0x0000000088c00000| Untracked 
| 141|0x0000000088d00000, 0x0000000088d00000, 0x0000000088e00000|  0%| F|  |TAMS 0x0000000088d00000, 0x0000000088d00000| Untracked 
| 142|0x0000000088e00000, 0x0000000088f00000, 0x0000000088f00000|100%| S|CS|TAMS 0x0000000088e00000, 0x0000000088e00000| Complete 
| 143|0x0000000088f00000, 0x0000000089000000, 0x0000000089000000|100%| S|CS|TAMS 0x0000000088f00000, 0x0000000088f00000| Complete 
| 144|0x0000000089000000, 0x0000000089000000, 0x0000000089100000|  0%| F|  |TAMS 0x0000000089000000, 0x0000000089000000| Untracked 
| 145|0x0000000089100000, 0x0000000089100000, 0x0000000089200000|  0%| F|  |TAMS 0x0000000089100000, 0x0000000089100000| Untracked 
| 146|0x0000000089200000, 0x0000000089200000, 0x0000000089300000|  0%| F|  |TAMS 0x0000000089200000, 0x0000000089200000| Untracked 
| 147|0x0000000089300000, 0x0000000089300000, 0x0000000089400000|  0%| F|  |TAMS 0x0000000089300000, 0x0000000089300000| Untracked 
| 148|0x0000000089400000, 0x0000000089400000, 0x0000000089500000|  0%| F|  |TAMS 0x0000000089400000, 0x0000000089400000| Untracked 
| 149|0x0000000089500000, 0x0000000089500000, 0x0000000089600000|  0%| F|  |TAMS 0x0000000089500000, 0x0000000089500000| Untracked 
| 150|0x0000000089600000, 0x0000000089600000, 0x0000000089700000|  0%| F|  |TAMS 0x0000000089600000, 0x0000000089600000| Untracked 
| 151|0x0000000089700000, 0x0000000089700000, 0x0000000089800000|  0%| F|  |TAMS 0x0000000089700000, 0x0000000089700000| Untracked 
| 152|0x0000000089800000, 0x0000000089800000, 0x0000000089900000|  0%| F|  |TAMS 0x0000000089800000, 0x0000000089800000| Untracked 
| 153|0x0000000089900000, 0x0000000089900000, 0x0000000089a00000|  0%| F|  |TAMS 0x0000000089900000, 0x0000000089900000| Untracked 
| 154|0x0000000089a00000, 0x0000000089a00000, 0x0000000089b00000|  0%| F|  |TAMS 0x0000000089a00000, 0x0000000089a00000| Untracked 
| 155|0x0000000089b00000, 0x0000000089b00000, 0x0000000089c00000|  0%| F|  |TAMS 0x0000000089b00000, 0x0000000089b00000| Untracked 
| 156|0x0000000089c00000, 0x0000000089c00000, 0x0000000089d00000|  0%| F|  |TAMS 0x0000000089c00000, 0x0000000089c00000| Untracked 
| 157|0x0000000089d00000, 0x0000000089d00000, 0x0000000089e00000|  0%| F|  |TAMS 0x0000000089d00000, 0x0000000089d00000| Untracked 
| 158|0x0000000089e00000, 0x0000000089e00000, 0x0000000089f00000|  0%| F|  |TAMS 0x0000000089e00000, 0x0000000089e00000| Untracked 
| 159|0x0000000089f00000, 0x0000000089f00000, 0x000000008a000000|  0%| F|  |TAMS 0x0000000089f00000, 0x0000000089f00000| Untracked 
| 160|0x000000008a000000, 0x000000008a000000, 0x000000008a100000|  0%| F|  |TAMS 0x000000008a000000, 0x000000008a000000| Untracked 
| 161|0x000000008a100000, 0x000000008a100000, 0x000000008a200000|  0%| F|  |TAMS 0x000000008a100000, 0x000000008a100000| Untracked 
| 162|0x000000008a200000, 0x000000008a200000, 0x000000008a300000|  0%| F|  |TAMS 0x000000008a200000, 0x000000008a200000| Untracked 
| 163|0x000000008a300000, 0x000000008a300000, 0x000000008a400000|  0%| F|  |TAMS 0x000000008a300000, 0x000000008a300000| Untracked 
| 164|0x000000008a400000, 0x000000008a400000, 0x000000008a500000|  0%| F|  |TAMS 0x000000008a400000, 0x000000008a400000| Untracked 
| 165|0x000000008a500000, 0x000000008a500000, 0x000000008a600000|  0%| F|  |TAMS 0x000000008a500000, 0x000000008a500000| Untracked 
| 166|0x000000008a600000, 0x000000008a600000, 0x000000008a700000|  0%| F|  |TAMS 0x000000008a600000, 0x000000008a600000| Untracked 
| 167|0x000000008a700000, 0x000000008a700000, 0x000000008a800000|  0%| F|  |TAMS 0x000000008a700000, 0x000000008a700000| Untracked 
| 168|0x000000008a800000, 0x000000008a800000, 0x000000008a900000|  0%| F|  |TAMS 0x000000008a800000, 0x000000008a800000| Untracked 
| 169|0x000000008a900000, 0x000000008a900000, 0x000000008aa00000|  0%| F|  |TAMS 0x000000008a900000, 0x000000008a900000| Untracked 
| 170|0x000000008aa00000, 0x000000008aa00000, 0x000000008ab00000|  0%| F|  |TAMS 0x000000008aa00000, 0x000000008aa00000| Untracked 
| 171|0x000000008ab00000, 0x000000008ab00000, 0x000000008ac00000|  0%| F|  |TAMS 0x000000008ab00000, 0x000000008ab00000| Untracked 
| 172|0x000000008ac00000, 0x000000008ac00000, 0x000000008ad00000|  0%| F|  |TAMS 0x000000008ac00000, 0x000000008ac00000| Untracked 
| 173|0x000000008ad00000, 0x000000008ad00000, 0x000000008ae00000|  0%| F|  |TAMS 0x000000008ad00000, 0x000000008ad00000| Untracked 
| 174|0x000000008ae00000, 0x000000008ae00000, 0x000000008af00000|  0%| F|  |TAMS 0x000000008ae00000, 0x000000008ae00000| Untracked 
| 175|0x000000008af00000, 0x000000008af00000, 0x000000008b000000|  0%| F|  |TAMS 0x000000008af00000, 0x000000008af00000| Untracked 
| 176|0x000000008b000000, 0x000000008b000000, 0x000000008b100000|  0%| F|  |TAMS 0x000000008b000000, 0x000000008b000000| Untracked 
| 177|0x000000008b100000, 0x000000008b100000, 0x000000008b200000|  0%| F|  |TAMS 0x000000008b100000, 0x000000008b100000| Untracked 
| 178|0x000000008b200000, 0x000000008b200000, 0x000000008b300000|  0%| F|  |TAMS 0x000000008b200000, 0x000000008b200000| Untracked 
| 179|0x000000008b300000, 0x000000008b300000, 0x000000008b400000|  0%| F|  |TAMS 0x000000008b300000, 0x000000008b300000| Untracked 
| 180|0x000000008b400000, 0x000000008b400000, 0x000000008b500000|  0%| F|  |TAMS 0x000000008b400000, 0x000000008b400000| Untracked 
| 181|0x000000008b500000, 0x000000008b500000, 0x000000008b600000|  0%| F|  |TAMS 0x000000008b500000, 0x000000008b500000| Untracked 
| 182|0x000000008b600000, 0x000000008b600000, 0x000000008b700000|  0%| F|  |TAMS 0x000000008b600000, 0x000000008b600000| Untracked 
| 183|0x000000008b700000, 0x000000008b700000, 0x000000008b800000|  0%| F|  |TAMS 0x000000008b700000, 0x000000008b700000| Untracked 
| 184|0x000000008b800000, 0x000000008b800000, 0x000000008b900000|  0%| F|  |TAMS 0x000000008b800000, 0x000000008b800000| Untracked 
| 185|0x000000008b900000, 0x000000008b900000, 0x000000008ba00000|  0%| F|  |TAMS 0x000000008b900000, 0x000000008b900000| Untracked 
| 186|0x000000008ba00000, 0x000000008ba00000, 0x000000008bb00000|  0%| F|  |TAMS 0x000000008ba00000, 0x000000008ba00000| Untracked 
| 187|0x000000008bb00000, 0x000000008bb00000, 0x000000008bc00000|  0%| F|  |TAMS 0x000000008bb00000, 0x000000008bb00000| Untracked 
| 188|0x000000008bc00000, 0x000000008bc00000, 0x000000008bd00000|  0%| F|  |TAMS 0x000000008bc00000, 0x000000008bc00000| Untracked 
| 189|0x000000008bd00000, 0x000000008bd00000, 0x000000008be00000|  0%| F|  |TAMS 0x000000008bd00000, 0x000000008bd00000| Untracked 
| 190|0x000000008be00000, 0x000000008be00000, 0x000000008bf00000|  0%| F|  |TAMS 0x000000008be00000, 0x000000008be00000| Untracked 
| 191|0x000000008bf00000, 0x000000008bf00000, 0x000000008c000000|  0%| F|  |TAMS 0x000000008bf00000, 0x000000008bf00000| Untracked 
| 192|0x000000008c000000, 0x000000008c000000, 0x000000008c100000|  0%| F|  |TAMS 0x000000008c000000, 0x000000008c000000| Untracked 
| 193|0x000000008c100000, 0x000000008c100000, 0x000000008c200000|  0%| F|  |TAMS 0x000000008c100000, 0x000000008c100000| Untracked 
| 194|0x000000008c200000, 0x000000008c200000, 0x000000008c300000|  0%| F|  |TAMS 0x000000008c200000, 0x000000008c200000| Untracked 
| 195|0x000000008c300000, 0x000000008c300000, 0x000000008c400000|  0%| F|  |TAMS 0x000000008c300000, 0x000000008c300000| Untracked 
| 196|0x000000008c400000, 0x000000008c400000, 0x000000008c500000|  0%| F|  |TAMS 0x000000008c400000, 0x000000008c400000| Untracked 
| 197|0x000000008c500000, 0x000000008c500000, 0x000000008c600000|  0%| F|  |TAMS 0x000000008c500000, 0x000000008c500000| Untracked 
| 198|0x000000008c600000, 0x000000008c600000, 0x000000008c700000|  0%| F|  |TAMS 0x000000008c600000, 0x000000008c600000| Untracked 
| 199|0x000000008c700000, 0x000000008c700000, 0x000000008c800000|  0%| F|  |TAMS 0x000000008c700000, 0x000000008c700000| Untracked 
| 200|0x000000008c800000, 0x000000008c800000, 0x000000008c900000|  0%| F|  |TAMS 0x000000008c800000, 0x000000008c800000| Untracked 
| 201|0x000000008c900000, 0x000000008c900000, 0x000000008ca00000|  0%| F|  |TAMS 0x000000008c900000, 0x000000008c900000| Untracked 
| 202|0x000000008ca00000, 0x000000008ca00000, 0x000000008cb00000|  0%| F|  |TAMS 0x000000008ca00000, 0x000000008ca00000| Untracked 
| 203|0x000000008cb00000, 0x000000008cb00000, 0x000000008cc00000|  0%| F|  |TAMS 0x000000008cb00000, 0x000000008cb00000| Untracked 
| 204|0x000000008cc00000, 0x000000008cc00000, 0x000000008cd00000|  0%| F|  |TAMS 0x000000008cc00000, 0x000000008cc00000| Untracked 
| 205|0x000000008cd00000, 0x000000008cd00000, 0x000000008ce00000|  0%| F|  |TAMS 0x000000008cd00000, 0x000000008cd00000| Untracked 
| 206|0x000000008ce00000, 0x000000008ce00000, 0x000000008cf00000|  0%| F|  |TAMS 0x000000008ce00000, 0x000000008ce00000| Untracked 
| 207|0x000000008cf00000, 0x000000008cf00000, 0x000000008d000000|  0%| F|  |TAMS 0x000000008cf00000, 0x000000008cf00000| Untracked 
| 208|0x000000008d000000, 0x000000008d000000, 0x000000008d100000|  0%| F|  |TAMS 0x000000008d000000, 0x000000008d000000| Untracked 
| 209|0x000000008d100000, 0x000000008d100000, 0x000000008d200000|  0%| F|  |TAMS 0x000000008d100000, 0x000000008d100000| Untracked 
| 210|0x000000008d200000, 0x000000008d200000, 0x000000008d300000|  0%| F|  |TAMS 0x000000008d200000, 0x000000008d200000| Untracked 
| 211|0x000000008d300000, 0x000000008d300000, 0x000000008d400000|  0%| F|  |TAMS 0x000000008d300000, 0x000000008d300000| Untracked 
| 212|0x000000008d400000, 0x000000008d400000, 0x000000008d500000|  0%| F|  |TAMS 0x000000008d400000, 0x000000008d400000| Untracked 
| 213|0x000000008d500000, 0x000000008d500000, 0x000000008d600000|  0%| F|  |TAMS 0x000000008d500000, 0x000000008d500000| Untracked 
| 214|0x000000008d600000, 0x000000008d600000, 0x000000008d700000|  0%| F|  |TAMS 0x000000008d600000, 0x000000008d600000| Untracked 
| 215|0x000000008d700000, 0x000000008d700000, 0x000000008d800000|  0%| F|  |TAMS 0x000000008d700000, 0x000000008d700000| Untracked 
| 216|0x000000008d800000, 0x000000008d800000, 0x000000008d900000|  0%| F|  |TAMS 0x000000008d800000, 0x000000008d800000| Untracked 
| 217|0x000000008d900000, 0x000000008d900000, 0x000000008da00000|  0%| F|  |TAMS 0x000000008d900000, 0x000000008d900000| Untracked 
| 218|0x000000008da00000, 0x000000008da00000, 0x000000008db00000|  0%| F|  |TAMS 0x000000008da00000, 0x000000008da00000| Untracked 
| 219|0x000000008db00000, 0x000000008db00000, 0x000000008dc00000|  0%| F|  |TAMS 0x000000008db00000, 0x000000008db00000| Untracked 
| 220|0x000000008dc00000, 0x000000008dc00000, 0x000000008dd00000|  0%| F|  |TAMS 0x000000008dc00000, 0x000000008dc00000| Untracked 
| 221|0x000000008dd00000, 0x000000008dd00000, 0x000000008de00000|  0%| F|  |TAMS 0x000000008dd00000, 0x000000008dd00000| Untracked 
| 222|0x000000008de00000, 0x000000008de00000, 0x000000008df00000|  0%| F|  |TAMS 0x000000008de00000, 0x000000008de00000| Untracked 
| 223|0x000000008df00000, 0x000000008df00000, 0x000000008e000000|  0%| F|  |TAMS 0x000000008df00000, 0x000000008df00000| Untracked 
| 224|0x000000008e000000, 0x000000008e000000, 0x000000008e100000|  0%| F|  |TAMS 0x000000008e000000, 0x000000008e000000| Untracked 
| 225|0x000000008e100000, 0x000000008e100000, 0x000000008e200000|  0%| F|  |TAMS 0x000000008e100000, 0x000000008e100000| Untracked 
| 226|0x000000008e200000, 0x000000008e200000, 0x000000008e300000|  0%| F|  |TAMS 0x000000008e200000, 0x000000008e200000| Untracked 
| 227|0x000000008e300000, 0x000000008e300000, 0x000000008e400000|  0%| F|  |TAMS 0x000000008e300000, 0x000000008e300000| Untracked 
| 228|0x000000008e400000, 0x000000008e400000, 0x000000008e500000|  0%| F|  |TAMS 0x000000008e400000, 0x000000008e400000| Untracked 
| 229|0x000000008e500000, 0x000000008e500000, 0x000000008e600000|  0%| F|  |TAMS 0x000000008e500000, 0x000000008e500000| Untracked 
| 230|0x000000008e600000, 0x000000008e600000, 0x000000008e700000|  0%| F|  |TAMS 0x000000008e600000, 0x000000008e600000| Untracked 
| 231|0x000000008e700000, 0x000000008e700000, 0x000000008e800000|  0%| F|  |TAMS 0x000000008e700000, 0x000000008e700000| Untracked 
| 232|0x000000008e800000, 0x000000008e800000, 0x000000008e900000|  0%| F|  |TAMS 0x000000008e800000, 0x000000008e800000| Untracked 
| 233|0x000000008e900000, 0x000000008e900000, 0x000000008ea00000|  0%| F|  |TAMS 0x000000008e900000, 0x000000008e900000| Untracked 
| 234|0x000000008ea00000, 0x000000008ea00000, 0x000000008eb00000|  0%| F|  |TAMS 0x000000008ea00000, 0x000000008ea00000| Untracked 
| 235|0x000000008eb00000, 0x000000008eb00000, 0x000000008ec00000|  0%| F|  |TAMS 0x000000008eb00000, 0x000000008eb00000| Untracked 
| 236|0x000000008ec00000, 0x000000008ec00000, 0x000000008ed00000|  0%| F|  |TAMS 0x000000008ec00000, 0x000000008ec00000| Untracked 
| 237|0x000000008ed00000, 0x000000008ed00000, 0x000000008ee00000|  0%| F|  |TAMS 0x000000008ed00000, 0x000000008ed00000| Untracked 
| 238|0x000000008ee00000, 0x000000008ee00000, 0x000000008ef00000|  0%| F|  |TAMS 0x000000008ee00000, 0x000000008ee00000| Untracked 
| 239|0x000000008ef00000, 0x000000008ef00000, 0x000000008f000000|  0%| F|  |TAMS 0x000000008ef00000, 0x000000008ef00000| Untracked 
| 240|0x000000008f000000, 0x000000008f000000, 0x000000008f100000|  0%| F|  |TAMS 0x000000008f000000, 0x000000008f000000| Untracked 
| 241|0x000000008f100000, 0x000000008f100000, 0x000000008f200000|  0%| F|  |TAMS 0x000000008f100000, 0x000000008f100000| Untracked 
| 242|0x000000008f200000, 0x000000008f230758, 0x000000008f300000| 18%| E|  |TAMS 0x000000008f200000, 0x000000008f200000| Complete 
| 243|0x000000008f300000, 0x000000008f400000, 0x000000008f400000|100%| E|CS|TAMS 0x000000008f300000, 0x000000008f300000| Complete 
| 244|0x000000008f400000, 0x000000008f500000, 0x000000008f500000|100%| E|CS|TAMS 0x000000008f400000, 0x000000008f400000| Complete 
| 245|0x000000008f500000, 0x000000008f600000, 0x000000008f600000|100%| E|CS|TAMS 0x000000008f500000, 0x000000008f500000| Complete 
| 246|0x000000008f600000, 0x000000008f700000, 0x000000008f700000|100%| E|CS|TAMS 0x000000008f600000, 0x000000008f600000| Complete 
| 247|0x000000008f700000, 0x000000008f800000, 0x000000008f800000|100%| E|CS|TAMS 0x000000008f700000, 0x000000008f700000| Complete 
| 248|0x000000008f800000, 0x000000008f900000, 0x000000008f900000|100%| E|CS|TAMS 0x000000008f800000, 0x000000008f800000| Complete 
| 249|0x000000008f900000, 0x000000008fa00000, 0x000000008fa00000|100%| E|CS|TAMS 0x000000008f900000, 0x000000008f900000| Complete 
| 250|0x000000008fa00000, 0x000000008fb00000, 0x000000008fb00000|100%| E|CS|TAMS 0x000000008fa00000, 0x000000008fa00000| Complete 
| 251|0x000000008fb00000, 0x000000008fc00000, 0x000000008fc00000|100%| E|CS|TAMS 0x000000008fb00000, 0x000000008fb00000| Complete 
| 252|0x000000008fc00000, 0x000000008fd00000, 0x000000008fd00000|100%| E|CS|TAMS 0x000000008fc00000, 0x000000008fc00000| Complete 
| 253|0x000000008fd00000, 0x000000008fe00000, 0x000000008fe00000|100%| E|CS|TAMS 0x000000008fd00000, 0x000000008fd00000| Complete 
| 254|0x000000008fe00000, 0x000000008ff00000, 0x000000008ff00000|100%| E|CS|TAMS 0x000000008fe00000, 0x000000008fe00000| Complete 
| 255|0x000000008ff00000, 0x0000000090000000, 0x0000000090000000|100%| E|CS|TAMS 0x000000008ff00000, 0x000000008ff00000| Complete 

Card table byte_map: [0x0000029c2f680000,0x0000029c2fa80000] _byte_map_base: 0x0000029c2f280000

Marking Bits (Prev, Next): (CMBitMap*) 0x0000029c1c15b5a8, (CMBitMap*) 0x0000029c1c15b5e0
 Prev Bits: [0x0000029c2fe80000, 0x0000029c31e80000)
 Next Bits: [0x0000029c31e80000, 0x0000029c33e80000)

Polling page: 0x0000029c1c200000

Metaspace:

Usage:
  Non-class:     87.75 MB capacity,    86.33 MB ( 98%) used,     1.14 MB (  1%) free+waste,   285.94 KB ( <1%) overhead. 
      Class:     13.37 MB capacity,    12.51 MB ( 94%) used,   748.33 KB (  5%) free+waste,   127.13 KB ( <1%) overhead. 
       Both:    101.12 MB capacity,    98.84 MB ( 98%) used,     1.87 MB (  2%) free+waste,   413.06 KB ( <1%) overhead. 

Virtual space:
  Non-class space:       88.00 MB reserved,      87.95 MB (>99%) committed 
      Class space:        1.00 GB reserved,      13.38 MB (  1%) committed 
             Both:        1.09 GB reserved,     101.32 MB (  9%) committed 

Chunk freelists:
   Non-Class:  9.00 KB
       Class:  8.00 KB
        Both:  17.00 KB

MaxMetaspaceSize: 17179869184.00 GB
CompressedClassSpaceSize: 1.00 GB

CodeHeap 'non-profiled nmethods': size=120064Kb used=7631Kb max_used=7631Kb free=112432Kb
 bounds [0x0000029c27700000, 0x0000029c27e80000, 0x0000029c2ec40000]
CodeHeap 'profiled nmethods': size=120000Kb used=26140Kb max_used=26140Kb free=93859Kb
 bounds [0x0000029c201d0000, 0x0000029c21b60000, 0x0000029c27700000]
CodeHeap 'non-nmethods': size=5696Kb used=2328Kb max_used=2376Kb free=3367Kb
 bounds [0x0000029c1fc40000, 0x0000029c1feb0000, 0x0000029c201d0000]
 total_blobs=12817 nmethods=11869 adapters=859
 compilation: enabled
              stopped_count=0, restarted_count=0
 full_count=0

Compilation events (20 events):
Event: 24.026 Thread 0x0000029c36da4000 nmethod 11875 0x0000029c21b51d90 code [0x0000029c21b51f40, 0x0000029c21b520e8]
Event: 24.026 Thread 0x0000029c36da4000 11877       2       org.gradle.internal.watch.vfs.impl.DefaultFileSystemWatchingStatistics$$Lambda$1077/0x0000000100d43c40::<init> (10 bytes)
Event: 24.026 Thread 0x0000029c36da4000 nmethod 11877 0x0000029c21b52210 code [0x0000029c21b523c0, 0x0000029c21b524f8]
Event: 24.026 Thread 0x0000029c36da4000 11880       2       org.gradle.internal.snapshot.DirectorySnapshot::getType (4 bytes)
Event: 24.026 Thread 0x0000029c36da4000 nmethod 11880 0x0000029c21b52590 code [0x0000029c21b52740, 0x0000029c21b52838]
Event: 24.026 Thread 0x0000029c36da4000 11881       2       org.gradle.internal.snapshot.EmptyChildMap::visitChildren (1 bytes)
Event: 24.026 Thread 0x0000029c36da4000 nmethod 11881 0x0000029c21b52910 code [0x0000029c21b52ac0, 0x0000029c21b52bb8]
Event: 24.031 Thread 0x0000029c36da4000 11882       2       java.util.concurrent.ConcurrentLinkedQueue::updateHead (26 bytes)
Event: 24.032 Thread 0x0000029c36da4000 nmethod 11882 0x0000029c21b52c90 code [0x0000029c21b52f00, 0x0000029c21b537a8]
Event: 24.032 Thread 0x0000029c36da4000 11883       2       java.util.concurrent.ConcurrentLinkedQueue$Node::casItem (10 bytes)
Event: 24.032 Thread 0x0000029c36da4000 nmethod 11883 0x0000029c21b53b90 code [0x0000029c21b53da0, 0x0000029c21b542b8]
Event: 24.032 Thread 0x0000029c36da4000 11884       2       java.util.concurrent.ConcurrentLinkedQueue$Itr::hasNext (13 bytes)
Event: 24.032 Thread 0x0000029c36da4000 nmethod 11884 0x0000029c21b54510 code [0x0000029c21b546c0, 0x0000029c21b547d8]
Event: 24.032 Thread 0x0000029c36da4000 11886       1       java.util.concurrent.ConcurrentLinkedQueue::lambda$clear$2 (2 bytes)
Event: 24.032 Thread 0x0000029c36da4000 nmethod 11886 0x0000029c27e5e290 code [0x0000029c27e5e440, 0x0000029c27e5e4d8]
Event: 24.032 Thread 0x0000029c36da4000 11887       2       java.lang.invoke.VarHandleObjects$FieldInstanceReadWrite::setRelease (30 bytes)
Event: 24.033 Thread 0x0000029c36da4000 nmethod 11887 0x0000029c21b54890 code [0x0000029c21b54aa0, 0x0000029c21b54f08]
Event: 24.033 Thread 0x0000029c36da1800 nmethod 11753 0x0000029c27e5e590 code [0x0000029c27e5e8a0, 0x0000029c27e60ba8]
Event: 24.033 Thread 0x0000029c36da1800 11766       4       org.gradle.internal.logging.text.AbstractLineChoppingStyledTextOutput$1::execute (9 bytes)
Event: 24.036 Thread 0x0000029c36da4000 11888  s!   2       org.gradle.internal.service.DefaultServiceRegistry$ManagedObjectServiceProvider::stop (59 bytes)

GC Heap History (20 events):
Event: 3.407 GC heap before
{Heap before GC invocations=5 (full 0):
 garbage-first heap   total 262144K, used 95510K [0x0000000080000000, 0x0000000100000000)
  region size 1024K, 86 young (88064K), 9 survivors (9216K)
 Metaspace       used 28304K, capacity 28869K, committed 29184K, reserved 1075200K
  class space    used 3751K, capacity 3975K, committed 4096K, reserved 1048576K
}
Event: 3.413 GC heap after
{Heap after GC invocations=6 (full 0):
 garbage-first heap   total 262144K, used 19950K [0x0000000080000000, 0x0000000100000000)
  region size 1024K, 8 young (8192K), 8 survivors (8192K)
 Metaspace       used 28304K, capacity 28869K, committed 29184K, reserved 1075200K
  class space    used 3751K, capacity 3975K, committed 4096K, reserved 1048576K
}
Event: 3.897 GC heap before
{Heap before GC invocations=6 (full 0):
 garbage-first heap   total 262144K, used 51694K [0x0000000080000000, 0x0000000100000000)
  region size 1024K, 40 young (40960K), 8 survivors (8192K)
 Metaspace       used 34994K, capacity 35802K, committed 35840K, reserved 1081344K
  class space    used 4535K, capacity 4863K, committed 4864K, reserved 1048576K
}
Event: 3.905 GC heap after
{Heap after GC invocations=7 (full 0):
 garbage-first heap   total 262144K, used 22942K [0x0000000080000000, 0x0000000100000000)
  region size 1024K, 6 young (6144K), 6 survivors (6144K)
 Metaspace       used 34994K, capacity 35802K, committed 35840K, reserved 1081344K
  class space    used 4535K, capacity 4863K, committed 4864K, reserved 1048576K
}
Event: 4.863 GC heap before
{Heap before GC invocations=8 (full 0):
 garbage-first heap   total 262144K, used 127390K [0x0000000080000000, 0x0000000100000000)
  region size 1024K, 105 young (107520K), 6 survivors (6144K)
 Metaspace       used 43659K, capacity 44696K, committed 44928K, reserved 1087488K
  class space    used 5560K, capacity 5914K, committed 6016K, reserved 1048576K
}
Event: 4.873 GC heap after
{Heap after GC invocations=9 (full 0):
 garbage-first heap   total 262144K, used 29594K [0x0000000080000000, 0x0000000100000000)
  region size 1024K, 13 young (13312K), 13 survivors (13312K)
 Metaspace       used 43659K, capacity 44696K, committed 44928K, reserved 1087488K
  class space    used 5560K, capacity 5914K, committed 6016K, reserved 1048576K
}
Event: 6.614 GC heap before
{Heap before GC invocations=9 (full 0):
 garbage-first heap   total 262144K, used 158618K [0x0000000080000000, 0x0000000100000000)
  region size 1024K, 130 young (133120K), 13 survivors (13312K)
 Metaspace       used 51091K, capacity 52410K, committed 52608K, reserved 1095680K
  class space    used 6483K, capacity 6976K, committed 7040K, reserved 1048576K
}
Event: 6.631 GC heap after
{Heap after GC invocations=10 (full 0):
 garbage-first heap   total 262144K, used 48920K [0x0000000080000000, 0x0000000100000000)
  region size 1024K, 17 young (17408K), 17 survivors (17408K)
 Metaspace       used 51091K, capacity 52410K, committed 52608K, reserved 1095680K
  class space    used 6483K, capacity 6976K, committed 7040K, reserved 1048576K
}
Event: 7.336 GC heap before
{Heap before GC invocations=10 (full 0):
 garbage-first heap   total 262144K, used 102168K [0x0000000080000000, 0x0000000100000000)
  region size 1024K, 70 young (71680K), 17 survivors (17408K)
 Metaspace       used 58699K, capacity 60031K, committed 60160K, reserved 1101824K
  class space    used 7394K, capacity 7911K, committed 7936K, reserved 1048576K
}
Event: 7.353 GC heap after
{Heap after GC invocations=11 (full 0):
 garbage-first heap   total 262144K, used 52024K [0x0000000080000000, 0x0000000100000000)
  region size 1024K, 3 young (3072K), 3 survivors (3072K)
 Metaspace       used 58699K, capacity 60031K, committed 60160K, reserved 1101824K
  class space    used 7394K, capacity 7911K, committed 7936K, reserved 1048576K
}
Event: 9.068 GC heap before
{Heap before GC invocations=12 (full 0):
 garbage-first heap   total 262144K, used 168760K [0x0000000080000000, 0x0000000100000000)
  region size 1024K, 117 young (119808K), 3 survivors (3072K)
 Metaspace       used 68242K, capacity 69810K, committed 70092K, reserved 1110016K
  class space    used 8592K, capacity 9171K, committed 9216K, reserved 1048576K
}
Event: 9.079 GC heap after
{Heap after GC invocations=13 (full 0):
 garbage-first heap   total 262144K, used 59929K [0x0000000080000000, 0x0000000100000000)
  region size 1024K, 11 young (11264K), 11 survivors (11264K)
 Metaspace       used 68242K, capacity 69810K, committed 70092K, reserved 1110016K
  class space    used 8592K, capacity 9171K, committed 9216K, reserved 1048576K
}
Event: 10.669 GC heap before
{Heap before GC invocations=14 (full 0):
 garbage-first heap   total 262144K, used 177689K [0x0000000080000000, 0x0000000100000000)
  region size 1024K, 126 young (129024K), 11 survivors (11264K)
 Metaspace       used 79631K, capacity 81306K, committed 81484K, reserved 1120256K
  class space    used 10194K, capacity 10870K, committed 10880K, reserved 1048576K
}
Event: 10.683 GC heap after
{Heap after GC invocations=15 (full 0):
 garbage-first heap   total 262144K, used 68008K [0x0000000080000000, 0x0000000100000000)
  region size 1024K, 9 young (9216K), 9 survivors (9216K)
 Metaspace       used 79631K, capacity 81306K, committed 81484K, reserved 1120256K
  class space    used 10194K, capacity 10870K, committed 10880K, reserved 1048576K
}
Event: 13.681 GC heap before
{Heap before GC invocations=15 (full 0):
 garbage-first heap   total 262144K, used 184744K [0x0000000080000000, 0x0000000100000000)
  region size 1024K, 124 young (126976K), 9 survivors (9216K)
 Metaspace       used 87542K, capacity 89530K, committed 89804K, reserved 1126400K
  class space    used 11219K, capacity 11977K, committed 12032K, reserved 1048576K
}
Event: 13.692 GC heap after
{Heap after GC invocations=16 (full 0):
 garbage-first heap   total 262144K, used 76597K [0x0000000080000000, 0x0000000100000000)
  region size 1024K, 16 young (16384K), 16 survivors (16384K)
 Metaspace       used 87542K, capacity 89530K, committed 89804K, reserved 1126400K
  class space    used 11219K, capacity 11977K, committed 12032K, reserved 1048576K
}
Event: 14.868 GC heap before
{Heap before GC invocations=16 (full 0):
 garbage-first heap   total 262144K, used 192309K [0x0000000080000000, 0x0000000100000000)
  region size 1024K, 130 young (133120K), 16 survivors (16384K)
 Metaspace       used 92472K, capacity 94534K, committed 94796K, reserved 1132544K
  class space    used 11810K, capacity 12587K, committed 12672K, reserved 1048576K
}
Event: 14.884 GC heap after
{Heap after GC invocations=17 (full 0):
 garbage-first heap   total 262144K, used 84090K [0x0000000080000000, 0x0000000100000000)
  region size 1024K, 8 young (8192K), 8 survivors (8192K)
 Metaspace       used 92472K, capacity 94534K, committed 94796K, reserved 1132544K
  class space    used 11810K, capacity 12587K, committed 12672K, reserved 1048576K
}
Event: 23.931 GC heap before
{Heap before GC invocations=17 (full 0):
 garbage-first heap   total 262144K, used 197754K [0x0000000080000000, 0x0000000100000000)
  region size 1024K, 120 young (122880K), 8 survivors (8192K)
 Metaspace       used 98545K, capacity 100921K, committed 101068K, reserved 1136640K
  class space    used 12591K, capacity 13496K, committed 13568K, reserved 1048576K
}
Event: 23.941 GC heap after
{Heap after GC invocations=18 (full 0):
 garbage-first heap   total 262144K, used 89109K [0x0000000080000000, 0x0000000100000000)
  region size 1024K, 13 young (13312K), 13 survivors (13312K)
 Metaspace       used 98545K, capacity 100921K, committed 101068K, reserved 1136640K
  class space    used 12591K, capacity 13496K, committed 13568K, reserved 1048576K
}

Deoptimization events (20 events):
Event: 23.988 Thread 0x0000029c37e91800 Uncommon trap: trap_request=0xffffffde fr.pc=0x0000029c27d1d908 relative=0x00000000000000c8
Event: 23.988 Thread 0x0000029c37e91800 Uncommon trap: reason=class_check action=maybe_recompile pc=0x0000029c27d1d908 method=org.gradle.internal.operations.logging.LoggingBuildOperationProgressBroadcaster.onOutput(Lorg/gradle/internal/logging/events/OutputEvent;)V @ 8 c2
Event: 23.988 Thread 0x0000029c37e91800 DEOPT PACKING pc=0x0000029c27d1d908 sp=0x000000f935bfc950
Event: 23.988 Thread 0x0000029c37e91800 DEOPT UNPACKING pc=0x0000029c1fc6662f sp=0x000000f935bfc8d0 mode 2
Event: 23.988 Thread 0x0000029c37e91800 Uncommon trap: trap_request=0xffffffde fr.pc=0x0000029c27d1d908 relative=0x00000000000000c8
Event: 23.988 Thread 0x0000029c37e91800 Uncommon trap: reason=class_check action=maybe_recompile pc=0x0000029c27d1d908 method=org.gradle.internal.operations.logging.LoggingBuildOperationProgressBroadcaster.onOutput(Lorg/gradle/internal/logging/events/OutputEvent;)V @ 8 c2
Event: 23.988 Thread 0x0000029c37e91800 DEOPT PACKING pc=0x0000029c27d1d908 sp=0x000000f935bfc950
Event: 23.988 Thread 0x0000029c37e91800 DEOPT UNPACKING pc=0x0000029c1fc6662f sp=0x000000f935bfc8d0 mode 2
Event: 23.988 Thread 0x0000029c37e91800 Uncommon trap: trap_request=0xffffffde fr.pc=0x0000029c27d1d908 relative=0x00000000000000c8
Event: 23.988 Thread 0x0000029c37e91800 Uncommon trap: reason=class_check action=maybe_recompile pc=0x0000029c27d1d908 method=org.gradle.internal.operations.logging.LoggingBuildOperationProgressBroadcaster.onOutput(Lorg/gradle/internal/logging/events/OutputEvent;)V @ 8 c2
Event: 23.988 Thread 0x0000029c37e91800 DEOPT PACKING pc=0x0000029c27d1d908 sp=0x000000f935bfc8d0
Event: 23.988 Thread 0x0000029c37e91800 DEOPT UNPACKING pc=0x0000029c1fc6662f sp=0x000000f935bfc850 mode 2
Event: 23.988 Thread 0x0000029c37e91800 Uncommon trap: trap_request=0xffffffde fr.pc=0x0000029c27d1d908 relative=0x00000000000000c8
Event: 23.988 Thread 0x0000029c37e91800 Uncommon trap: reason=class_check action=maybe_recompile pc=0x0000029c27d1d908 method=org.gradle.internal.operations.logging.LoggingBuildOperationProgressBroadcaster.onOutput(Lorg/gradle/internal/logging/events/OutputEvent;)V @ 8 c2
Event: 23.988 Thread 0x0000029c37e91800 DEOPT PACKING pc=0x0000029c27d1d908 sp=0x000000f935bfc870
Event: 23.988 Thread 0x0000029c37e91800 DEOPT UNPACKING pc=0x0000029c1fc6662f sp=0x000000f935bfc7f0 mode 2
Event: 24.031 Thread 0x0000029c37e91800 Uncommon trap: trap_request=0xffffffc6 fr.pc=0x0000029c27ce9e94 relative=0x0000000000000d94
Event: 24.031 Thread 0x0000029c37e91800 Uncommon trap: reason=bimorphic_or_optimized_type_check action=maybe_recompile pc=0x0000029c27ce9e94 method=java.util.HashMap.removeNode(ILjava/lang/Object;Ljava/lang/Object;ZZ)Ljava/util/HashMap$Node; @ 68 c2
Event: 24.031 Thread 0x0000029c37e91800 DEOPT PACKING pc=0x0000029c27ce9e94 sp=0x000000f935bfc060
Event: 24.031 Thread 0x0000029c37e91800 DEOPT UNPACKING pc=0x0000029c1fc6662f sp=0x000000f935bfbff8 mode 2

Classes redefined (0 events):
No events

Internal exceptions (20 events):
Event: 23.168 Thread 0x0000029c37e91800 Exception <a 'sun/nio/fs/WindowsException'{0x000000008c4067d0}> (0x000000008c4067d0) thrown at [./src/hotspot/share/prims/jni.cpp, line 615]
Event: 23.168 Thread 0x0000029c37e91800 Exception <a 'sun/nio/fs/WindowsException'{0x000000008c40a790}> (0x000000008c40a790) thrown at [./src/hotspot/share/prims/jni.cpp, line 615]
Event: 23.169 Thread 0x0000029c37e91800 Exception <a 'sun/nio/fs/WindowsException'{0x000000008c40ef98}> (0x000000008c40ef98) thrown at [./src/hotspot/share/prims/jni.cpp, line 615]
Event: 23.169 Thread 0x0000029c37e91800 Exception <a 'sun/nio/fs/WindowsException'{0x000000008c413000}> (0x000000008c413000) thrown at [./src/hotspot/share/prims/jni.cpp, line 615]
Event: 23.170 Thread 0x0000029c37e91800 Exception <a 'sun/nio/fs/WindowsException'{0x000000008c416600}> (0x000000008c416600) thrown at [./src/hotspot/share/prims/jni.cpp, line 615]
Event: 23.171 Thread 0x0000029c37e91800 Exception <a 'sun/nio/fs/WindowsException'{0x000000008c41ade0}> (0x000000008c41ade0) thrown at [./src/hotspot/share/prims/jni.cpp, line 615]
Event: 23.173 Thread 0x0000029c37e91800 Exception <a 'sun/nio/fs/WindowsException'{0x000000008c41ef68}> (0x000000008c41ef68) thrown at [./src/hotspot/share/prims/jni.cpp, line 615]
Event: 23.174 Thread 0x0000029c37e91800 Exception <a 'sun/nio/fs/WindowsException'{0x000000008c423a60}> (0x000000008c423a60) thrown at [./src/hotspot/share/prims/jni.cpp, line 615]
Event: 23.175 Thread 0x0000029c37e91800 Exception <a 'sun/nio/fs/WindowsException'{0x000000008c428050}> (0x000000008c428050) thrown at [./src/hotspot/share/prims/jni.cpp, line 615]
Event: 23.185 Thread 0x0000029c37e91800 Exception <a 'java/lang/reflect/InvocationTargetException'{0x000000008c438250}> (0x000000008c438250) thrown at [./src/hotspot/share/runtime/reflection.cpp, line 1247]
Event: 23.193 Thread 0x0000029c37e91800 Exception <a 'java/lang/NoSuchMethodError'{0x000000008c4db3c8}: 'void java.lang.invoke.DirectMethodHandle$Holder.invokeStatic(java.lang.Object, java.lang.Object, java.lang.Object, java.lang.Object, java.lang.Object, java.lang.Object, java.lang.Object)'> (0x000000008c4db3c8) thrown at [./src/hotspot/share/interpreter/linkResolver.cpp, line 773]
Event: 23.203 Thread 0x0000029c3977f000 Exception <a 'java/lang/NoSuchMethodError'{0x000000008bfb2440}: <clinit>> (0x000000008bfb2440) thrown at [./src/hotspot/share/prims/jni.cpp, line 1362]
Event: 23.205 Thread 0x0000029c3977f000 Exception <a 'java/lang/NoSuchMethodError'{0x000000008be2f9e0}: <clinit>> (0x000000008be2f9e0) thrown at [./src/hotspot/share/prims/jni.cpp, line 1362]
Event: 23.208 Thread 0x0000029c3977f000 Exception <a 'java/lang/NoSuchMethodError'{0x000000008be3ebc8}: <clinit>> (0x000000008be3ebc8) thrown at [./src/hotspot/share/prims/jni.cpp, line 1362]
Event: 23.892 Thread 0x0000029c3774e000 Exception <a 'sun/nio/fs/WindowsException'{0x0000000089481930}> (0x0000000089481930) thrown at [./src/hotspot/share/prims/jni.cpp, line 615]
Event: 23.944 Thread 0x0000029c37e91800 Exception <a 'sun/nio/fs/WindowsException'{0x000000008ff206a0}> (0x000000008ff206a0) thrown at [./src/hotspot/share/prims/jni.cpp, line 615]
Event: 23.944 Thread 0x0000029c37e91800 Exception <a 'sun/nio/fs/WindowsException'{0x000000008ff20810}> (0x000000008ff20810) thrown at [./src/hotspot/share/prims/jni.cpp, line 615]
Event: 23.944 Thread 0x0000029c37e91800 Exception <a 'sun/nio/fs/WindowsException'{0x000000008ff31bb8}> (0x000000008ff31bb8) thrown at [./src/hotspot/share/prims/jni.cpp, line 615]
Event: 24.010 Thread 0x0000029c37e91800 Exception <a 'java/lang/NoSuchMethodError'{0x000000008f425be8}: 'int java.lang.invoke.DirectMethodHandle$Holder.invokeVirtual(java.lang.Object, java.lang.Object, java.lang.Object)'> (0x000000008f425be8) thrown at [./src/hotspot/share/interpreter/linkResolver.cpp, line 773]
Event: 24.036 Thread 0x0000029c37e91800 Implicit null exception at 0x0000029c21b5301f to 0x0000000000000000

Events (20 events):
Event: 24.034 loading class org/apache/tools/ant/IntrospectionHelper$7
Event: 24.034 loading class org/apache/tools/ant/IntrospectionHelper$7 done
Event: 24.035 loading class org/apache/tools/ant/IntrospectionHelper$8
Event: 24.035 loading class org/apache/tools/ant/IntrospectionHelper$8 done
Event: 24.035 loading class org/apache/tools/ant/IntrospectionHelper$9
Event: 24.035 loading class org/apache/tools/ant/IntrospectionHelper$9 done
Event: 24.035 loading class org/apache/tools/ant/IntrospectionHelper$10
Event: 24.035 loading class org/apache/tools/ant/IntrospectionHelper$10 done
Event: 24.035 loading class org/apache/tools/ant/IntrospectionHelper$11
Event: 24.035 loading class org/apache/tools/ant/IntrospectionHelper$11 done
Event: 24.035 loading class org/apache/tools/ant/IntrospectionHelper$12
Event: 24.035 loading class org/apache/tools/ant/IntrospectionHelper$12 done
Event: 24.035 loading class org/apache/tools/ant/IntrospectionHelper$13
Event: 24.035 loading class org/apache/tools/ant/IntrospectionHelper$13 done
Event: 24.035 loading class org/apache/tools/ant/IntrospectionHelper$1
Event: 24.035 loading class org/apache/tools/ant/IntrospectionHelper$1 done
Event: 24.036 loading class org/apache/tools/ant/ComponentHelper
Event: 24.036 loading class org/apache/tools/ant/ComponentHelper done
Event: 24.036 loading class org/apache/tools/ant/ComponentHelper
Event: 24.036 loading class org/apache/tools/ant/ComponentHelper done


Dynamic libraries:
0x00007ff716890000 - 0x00007ff71689a000 	C:\Program Files\Android\Android Studio\jre\bin\java.exe
0x00007ff9dc790000 - 0x00007ff9dc986000 	C:\Windows\SYSTEM32\ntdll.dll
0x00007ff9dc100000 - 0x00007ff9dc1bd000 	C:\Windows\System32\KERNEL32.DLL
0x00007ff9da2b0000 - 0x00007ff9da579000 	C:\Windows\System32\KERNELBASE.dll
0x00007ff9da100000 - 0x00007ff9da200000 	C:\Windows\System32\ucrtbase.dll
0x00007ff9c7be0000 - 0x00007ff9c7bf9000 	C:\Program Files\Android\Android Studio\jre\bin\jli.dll
0x00007ff9dc220000 - 0x00007ff9dc3c0000 	C:\Windows\System32\USER32.dll
0x00007ff9da760000 - 0x00007ff9da782000 	C:\Windows\System32\win32u.dll
0x00007ff9daee0000 - 0x00007ff9daf0a000 	C:\Windows\System32\GDI32.dll
0x00007ff9d9ff0000 - 0x00007ff9da0fb000 	C:\Windows\System32\gdi32full.dll
0x00007ff9d9f50000 - 0x00007ff9d9fed000 	C:\Windows\System32\msvcp_win.dll
0x00007ff9c5230000 - 0x00007ff9c5247000 	C:\Program Files\Android\Android Studio\jre\bin\VCRUNTIME140.dll
0x00007ff9c66f0000 - 0x00007ff9c698b000 	C:\Windows\WinSxS\amd64_microsoft.windows.common-controls_6595b64144ccf1df_6.0.19041.746_none_ca02b4b61b8320a4\COMCTL32.dll
0x00007ff9dc680000 - 0x00007ff9dc71e000 	C:\Windows\System32\msvcrt.dll
0x00007ff9dc3c0000 - 0x00007ff9dc3f0000 	C:\Windows\System32\IMM32.DLL
0x00007ff9b2df0000 - 0x00007ff9b2e8d000 	C:\Program Files\Android\Android Studio\jre\bin\msvcp140.dll
0x00007ff9b2e90000 - 0x00007ff9b3965000 	C:\Program Files\Android\Android Studio\jre\bin\server\jvm.dll
0x00007ff9dae30000 - 0x00007ff9daedc000 	C:\Windows\System32\ADVAPI32.dll
0x00007ff9da7f0000 - 0x00007ff9da88c000 	C:\Windows\System32\sechost.dll
0x00007ff9da9b0000 - 0x00007ff9daadb000 	C:\Windows\System32\RPCRT4.dll
0x00007ff9dc600000 - 0x00007ff9dc608000 	C:\Windows\System32\PSAPI.DLL
0x00007ff9d77b0000 - 0x00007ff9d77b9000 	C:\Windows\SYSTEM32\WSOCK32.dll
0x00007ff9c6590000 - 0x00007ff9c65b7000 	C:\Windows\SYSTEM32\WINMM.dll
0x00007ff9dc610000 - 0x00007ff9dc67b000 	C:\Windows\System32\WS2_32.dll
0x00007ff9cdb10000 - 0x00007ff9cdb1a000 	C:\Windows\SYSTEM32\VERSION.dll
0x00007ff9d7e50000 - 0x00007ff9d7e62000 	C:\Windows\SYSTEM32\kernel.appcore.dll
0x00007ff9d4a90000 - 0x00007ff9d4aa1000 	C:\Program Files\Android\Android Studio\jre\bin\verify.dll
0x00007ff9c6e70000 - 0x00007ff9c7054000 	C:\Windows\SYSTEM32\DBGHELP.DLL
0x00007ff9c6bb0000 - 0x00007ff9c6bdc000 	C:\Windows\SYSTEM32\dbgcore.DLL
0x00007ff9d9ed0000 - 0x00007ff9d9f50000 	C:\Windows\System32\bcryptPrimitives.dll
0x00007ff9d31f0000 - 0x00007ff9d3219000 	C:\Program Files\Android\Android Studio\jre\bin\java.dll
0x00007ff9d5990000 - 0x00007ff9d599b000 	C:\Program Files\Android\Android Studio\jre\bin\jimage.dll
0x00007ff9d31d0000 - 0x00007ff9d31e8000 	C:\Program Files\Android\Android Studio\jre\bin\zip.dll
0x00007ff9db3e0000 - 0x00007ff9dbb23000 	C:\Windows\System32\SHELL32.dll
0x00007ff9d8050000 - 0x00007ff9d87df000 	C:\Windows\SYSTEM32\windows.storage.dll
0x00007ff9dbc90000 - 0x00007ff9dbfe6000 	C:\Windows\System32\combase.dll
0x00007ff9d9930000 - 0x00007ff9d995c000 	C:\Windows\SYSTEM32\Wldp.dll
0x00007ff9dac50000 - 0x00007ff9dacfe000 	C:\Windows\System32\SHCORE.dll
0x00007ff9db380000 - 0x00007ff9db3d5000 	C:\Windows\System32\shlwapi.dll
0x00007ff9d9e00000 - 0x00007ff9d9e26000 	C:\Windows\SYSTEM32\profapi.dll
0x00007ff9d31b0000 - 0x00007ff9d31ca000 	C:\Program Files\Android\Android Studio\jre\bin\net.dll
0x00007ff9d0d20000 - 0x00007ff9d0e20000 	C:\Windows\SYSTEM32\WINHTTP.dll
0x00007ff9d96b0000 - 0x00007ff9d971a000 	C:\Windows\system32\mswsock.dll
0x00007ff9d2a80000 - 0x00007ff9d2a94000 	C:\Program Files\Android\Android Studio\jre\bin\nio.dll
0x00007ff9bd040000 - 0x00007ff9bd067000 	C:\Users\V\.gradle\native\e1d6ef7f7dcc3fd88c89a11ec53ec762bb8ba0a96d01ffa2cd45eb1d1d8dd5c5\windows-amd64\native-platform.dll
0x00007ff9ab0c0000 - 0x00007ff9ab204000 	C:\Users\V\.gradle\native\5664cfc778a61ccfe75a443a1ab52a65af34e5dc3c78e0209fed803814484fcb\windows-amd64\native-platform-file-events.dll
0x00007ff9d31a0000 - 0x00007ff9d31aa000 	C:\Program Files\Android\Android Studio\jre\bin\management.dll
0x00007ff9d2350000 - 0x00007ff9d235d000 	C:\Program Files\Android\Android Studio\jre\bin\management_ext.dll
0x00007ff9d9880000 - 0x00007ff9d9898000 	C:\Windows\SYSTEM32\CRYPTSP.dll
0x00007ff9d8fe0000 - 0x00007ff9d9014000 	C:\Windows\system32\rsaenh.dll
0x00007ff9da6e0000 - 0x00007ff9da707000 	C:\Windows\System32\bcrypt.dll
0x00007ff9d9dc0000 - 0x00007ff9d9dee000 	C:\Windows\SYSTEM32\USERENV.dll
0x00007ff9d98a0000 - 0x00007ff9d98ac000 	C:\Windows\SYSTEM32\CRYPTBASE.dll
0x00007ff9d9350000 - 0x00007ff9d938b000 	C:\Windows\SYSTEM32\IPHLPAPI.DLL
0x00007ff9dc720000 - 0x00007ff9dc728000 	C:\Windows\System32\NSI.dll
0x00007ff9d2ee0000 - 0x00007ff9d2ef7000 	C:\Windows\SYSTEM32\dhcpcsvc6.DLL
0x00007ff9d34c0000 - 0x00007ff9d34dd000 	C:\Windows\SYSTEM32\dhcpcsvc.DLL
0x00007ff9d93a0000 - 0x00007ff9d946b000 	C:\Windows\SYSTEM32\DNSAPI.dll
0x00007ff9c51b0000 - 0x00007ff9c51ce000 	C:\Users\V\AppData\Local\Temp\native-platform10109847853095578323dir\native-platform.dll
0x00007ff9c8380000 - 0x00007ff9c8388000 	C:\Program Files\Android\Android Studio\jre\bin\rmi.dll
0x00007ff9b3f70000 - 0x00007ff9b3f87000 	C:\Windows\system32\napinsp.dll
0x00007ff9b3f50000 - 0x00007ff9b3f6b000 	C:\Windows\system32\pnrpnsp.dll
0x00007ff9d4680000 - 0x00007ff9d4695000 	C:\Windows\system32\wshbth.dll
0x00007ff9d5970000 - 0x00007ff9d598d000 	C:\Windows\system32\NLAapi.dll
0x00007ff9b3f30000 - 0x00007ff9b3f42000 	C:\Windows\System32\winrnr.dll
0x00007ff9cb310000 - 0x00007ff9cb31a000 	C:\Windows\System32\rasadhlp.dll
0x00007ff9cb330000 - 0x00007ff9cb3af000 	C:\Windows\System32\fwpuclnt.dll

dbghelp: loaded successfully - version: 4.0.5 - missing functions: none
symbol engine: initialized successfully - sym options: 0x614 - pdb path: .;C:\Program Files\Android\Android Studio\jre\bin;C:\Windows\SYSTEM32;C:\Windows\WinSxS\amd64_microsoft.windows.common-controls_6595b64144ccf1df_6.0.19041.746_none_ca02b4b61b8320a4;C:\Program Files\Android\Android Studio\jre\bin\server;C:\Users\V\.gradle\native\e1d6ef7f7dcc3fd88c89a11ec53ec762bb8ba0a96d01ffa2cd45eb1d1d8dd5c5\windows-amd64;C:\Users\V\.gradle\native\5664cfc778a61ccfe75a443a1ab52a65af34e5dc3c78e0209fed803814484fcb\windows-amd64;C:\Users\V\AppData\Local\Temp\native-platform10109847853095578323dir

VM Arguments:
jvm_args: --add-opens=java.base/java.util=ALL-UNNAMED --add-opens=java.base/java.lang=ALL-UNNAMED --add-opens=java.base/java.lang.invoke=ALL-UNNAMED --add-opens=java.base/java.util=ALL-UNNAMED --add-opens=java.prefs/java.util.prefs=ALL-UNNAMED --add-opens=java.prefs/java.util.prefs=ALL-UNNAMED --add-opens=java.base/java.nio.charset=ALL-UNNAMED --add-opens=java.base/java.net=ALL-UNNAMED --add-opens=java.base/java.util.concurrent.atomic=ALL-UNNAMED -Xmx2048m -Dfile.encoding=UTF-8 -Duser.country=US -Duser.language=en -Duser.variant 
java_command: org.gradle.launcher.daemon.bootstrap.GradleDaemon 7.2
java_class_path (initial): C:\Users\V\.gradle\wrapper\dists\gradle-7.2-bin\2dnblmf4td7x66yl1d74lt32g\gradle-7.2\lib\gradle-launcher-7.2.jar
Launcher Type: SUN_STANDARD

[Global flags]
     intx CICompilerCount                          = 3                                         {product} {ergonomic}
     uint ConcGCThreads                            = 1                                         {product} {ergonomic}
     uint G1ConcRefinementThreads                  = 4                                         {product} {ergonomic}
   size_t G1HeapRegionSize                         = 1048576                                   {product} {ergonomic}
    uintx GCDrainStackTargetSize                   = 64                                        {product} {ergonomic}
   size_t InitialHeapSize                          = 268435456                                 {product} {ergonomic}
   size_t MarkStackSize                            = 4194304                                   {product} {ergonomic}
   size_t MaxHeapSize                              = 2147483648                                {product} {command line}
   size_t MaxNewSize                               = 1287651328                                {product} {ergonomic}
   size_t MinHeapDeltaBytes                        = 1048576                                   {product} {ergonomic}
    uintx NonNMethodCodeHeapSize                   = 5830732                                {pd product} {ergonomic}
    uintx NonProfiledCodeHeapSize                  = 122913754                              {pd product} {ergonomic}
    uintx ProfiledCodeHeapSize                     = 122913754                              {pd product} {ergonomic}
    uintx ReservedCodeCacheSize                    = 251658240                              {pd product} {ergonomic}
     bool SegmentedCodeCache                       = true                                      {product} {ergonomic}
     bool UseCompressedClassPointers               = true                                 {lp64_product} {ergonomic}
     bool UseCompressedOops                        = true                                 {lp64_product} {ergonomic}
     bool UseG1GC                                  = true                                      {product} {ergonomic}
     bool UseLargePagesIndividualAllocation        = false                                  {pd product} {ergonomic}

Logging:
Log output configuration:
 #0: stdout all=warning uptime,level,tags
 #1: stderr all=off uptime,level,tags

Environment Variables:
PATH=C:\Python39\Scripts\;C:\Python39\;C:\Program Files\Common Files\Oracle\Java\javapath;C:\Windows\system32;C:\Windows;C:\Windows\System32\Wbem;C:\Windows\System32\WindowsPowerShell\v1.0\;C:\Windows\System32\OpenSSH\;C:\Program Files\7-Zip;C:\Program Files\nodejs\;C:\ProgramData\chocolatey\bin;C:\Program Files\Git\cmd;C:\Users\V\AppData\Local\Microsoft\WindowsApps;;C:\Users\V\AppData\Roaming\npm;C:\Users\V\AppData\Local\Programs\Microsoft VS Code\bin
USERNAME=V
OS=Windows_NT
PROCESSOR_IDENTIFIER=Intel64 Family 6 Model 158 Stepping 10, GenuineIntel



---------------  S Y S T E M  ---------------

OS: Windows 10 , 64 bit Build 19041 (10.0.19041.662)
OS uptime: 0 days 5:21 hours

CPU:total 4 (initial active 4) (4 cores per cpu, 1 threads per core) family 6 model 158 stepping 10 microcode 0xd6, cmov, cx8, fxsr, mmx, sse, sse2, sse3, ssse3, sse4.1, sse4.2, popcnt, avx, avx2, aes, clmul, erms, 3dnowpref, lzcnt, tsc, tscinvbit, bmi1, bmi2, adx, fma

Memory: 4k page, system-wide physical 16326M (6344M free)
TotalPageFile size 32710M (AvailPageFile size 21297M)
current process WorkingSet (physical memory assigned to process): 506M, peak: 511M
current process commit charge ("private bytes"): 570M, peak: 576M

vm_info: OpenJDK 64-Bit Server VM (11.0.11+9-b60-7590822) for windows-amd64 JRE (11.0.11+9-b60-7590822), built on Jul 29 2021 21:43:44 by "builder" with MS VC++ 14.0 (VS2015)

END.
